<?xml version="1.0" encoding="UTF-8"?>
<!-- Generated by org.testng.reporters.JUnitReportReporter -->
<testsuite hostname="BGMacs-iMac.local" failures="0" tests="11" name="Spanish_Lang.Launch_RideNow_CompleteTrip" time="461.455" errors="0" timestamp="2025-06-23T12:02:06 IST" skipped="0">
  <testcase classname="Spanish_Lang.Launch_RideNow_CompleteTrip" name="testOnLetsgetStartedPage" time="30.393"/>
  <system-out/>
  <testcase classname="Spanish_Lang.Launch_RideNow_CompleteTrip" name="testOnpaymentPageforcash" time="63.504"/>
  <system-out/>
  <testcase classname="Spanish_Lang.Launch_RideNow_CompleteTrip" name="testOnOtpPage" time="27.656"/>
  <system-out/>
  <testcase classname="Spanish_Lang.Launch_RideNow_CompleteTrip" name="testOnChauffeurNotes" time="53.641"/>
  <system-out/>
  <testcase classname="Spanish_Lang.Launch_RideNow_CompleteTrip" name="testOnHomeScreen_RideNow_IND_WhereToPage" time="91.129"/>
  <system-out/>
  <testcase classname="Spanish_Lang.Launch_RideNow_CompleteTrip" name="testOnpickUpPage" time="120.973"/>
  <system-out/>
  <testcase classname="Spanish_Lang.Launch_RideNow_CompleteTrip" name="testOnFeedBackPage" time="21.050"/>
  <system-out/>
  <testcase classname="Spanish_Lang.Launch_RideNow_CompleteTrip" name="testOncarselectionPage" time="25.857"/>
  <system-out/>
  <testcase classname="Spanish_Lang.Launch_RideNow_CompleteTrip" name="testOnLanguagePage" time="11.043"/>
  <system-out/>
  <testcase classname="Spanish_Lang.Launch_RideNow_CompleteTrip" name="testOnLetsGoPage" time="5.691"/>
  <system-out/>
  <testcase classname="Spanish_Lang.Launch_RideNow_CompleteTrip" name="testOnHomeScreen_RideNow" time="10.518"/>
  <system-out/>
</testsuite> <!-- Spanish_Lang.Launch_RideNow_CompleteTrip -->
