<?xml version="1.0" encoding="UTF-8"?>
<!-- Generated by org.testng.reporters.JUnitReportReporter -->
<testsuite hostname="BGMacs-iMac.local" failures="0" tests="15" name="Arabic_Lang.Launch_Hourly_CompleteTrip" time="745.383" errors="0" timestamp="2025-06-27T11:28:11 IST" skipped="0">
  <testcase classname="Arabic_Lang.Launch_Hourly_CompleteTrip" name="testOnFeedBackPage" time="21.058"/>
  <system-out/>
  <testcase classname="Arabic_Lang.Launch_Hourly_CompleteTrip" name="testOnOtpPage" time="27.675"/>
  <system-out/>
  <testcase classname="Arabic_Lang.Launch_Hourly_CompleteTrip" name="testOnWhereToPage" time="242.479"/>
  <system-out/>
  <testcase classname="Arabic_Lang.Launch_Hourly_CompleteTrip" name="testOnLanguagePage" time="11.013"/>
  <system-out/>
  <testcase classname="Arabic_Lang.Launch_Hourly_CompleteTrip" name="testOnLetsGoPage" time="5.622"/>
  <system-out/>
  <testcase classname="Arabic_Lang.Launch_Hourly_CompleteTrip" name="testOnpickUpPage" time="120.659"/>
  <system-out/>
  <testcase classname="Arabic_Lang.Launch_Hourly_CompleteTrip" name="testOnChauffeurNotes" time="49.235"/>
  <system-out/>
  <testcase classname="Arabic_Lang.Launch_Hourly_CompleteTrip" name="testOnpaymentPageforcash" time="62.365"/>
  <system-out/>
  <testcase classname="Arabic_Lang.Launch_Hourly_CompleteTrip" name="testOnphourlySelectionPage" time="51.149"/>
  <system-out/>
  <testcase classname="Arabic_Lang.Launch_Hourly_CompleteTrip" name="testOnHomeScreenHourly_DM_PickupFromPage" time="34.633"/>
  <system-out/>
  <testcase classname="Arabic_Lang.Launch_Hourly_CompleteTrip" name="testOncarselectionPage" time="25.657"/>
  <system-out/>
  <testcase classname="Arabic_Lang.Launch_Hourly_CompleteTrip" name="testOnQuickFeedBackPage" time="10.537"/>
  <system-out/>
  <testcase classname="Arabic_Lang.Launch_Hourly_CompleteTrip" name="testOnLetsgetStartedPage" time="30.401"/>
  <system-out/>
  <testcase classname="Arabic_Lang.Launch_Hourly_CompleteTrip" name="testOnHomeScreenHourly_DM_Pickup_ZabeelParking" time="31.736"/>
  <system-out/>
  <testcase classname="Arabic_Lang.Launch_Hourly_CompleteTrip" name="testOnHomeScreenHourlyBtn" time="21.164"/>
  <system-out/>
</testsuite> <!-- Arabic_Lang.Launch_Hourly_CompleteTrip -->
