<?xml version="1.0" encoding="UTF-8"?>
<!-- Generated by org.testng.reporters.JUnitReportReporter -->
<testsuite hostname="BGMacs-iMac.local" failures="0" tests="14" name="Arabic_Lang.Launch_Hourly_ScheduleLater_StartTripEarly_Incomplete" time="500.615" errors="0" timestamp="2025-06-24T18:01:25 IST" skipped="0">
  <testcase classname="Arabic_Lang.Launch_Hourly_ScheduleLater_StartTripEarly_Incomplete" name="testOnLetsgetStartedPage" time="30.429"/>
  <system-out/>
  <testcase classname="Arabic_Lang.Launch_Hourly_ScheduleLater_StartTripEarly_Incomplete" name="testOnHomeScreenHourly_DM_Pickup_CinemaParking" time="31.817"/>
  <system-out/>
  <testcase classname="Arabic_Lang.Launch_Hourly_ScheduleLater_StartTripEarly_Incomplete" name="testOnOtpPage" time="27.821"/>
  <system-out/>
  <testcase classname="Arabic_Lang.Launch_Hourly_ScheduleLater_StartTripEarly_Incomplete" name="testOncarselectionPage1" time="20.788"/>
  <system-out/>
  <testcase classname="Arabic_Lang.Launch_Hourly_ScheduleLater_StartTripEarly_Incomplete" name="testOnpaymentPageforcash" time="63.003"/>
  <system-out/>
  <testcase classname="Arabic_Lang.Launch_Hourly_ScheduleLater_StartTripEarly_Incomplete" name="testOnPayNowPageCard" time="27.705"/>
  <system-out/>
  <testcase classname="Arabic_Lang.Launch_Hourly_ScheduleLater_StartTripEarly_Incomplete" name="testOnChauffeurNotes" time="51.408"/>
  <system-out/>
  <testcase classname="Arabic_Lang.Launch_Hourly_ScheduleLater_StartTripEarly_Incomplete" name="testOnStartTripcancelbookingPage" time="72.204"/>
  <system-out/>
  <testcase classname="Arabic_Lang.Launch_Hourly_ScheduleLater_StartTripEarly_Incomplete" name="testOnLanguagePage" time="11.030"/>
  <system-out/>
  <testcase classname="Arabic_Lang.Launch_Hourly_ScheduleLater_StartTripEarly_Incomplete" name="testOnHomeScreenHourly_DM_PickupFromPage" time="34.746"/>
  <system-out/>
  <testcase classname="Arabic_Lang.Launch_Hourly_ScheduleLater_StartTripEarly_Incomplete" name="testOnpickuppopUpBar" time="41.055"/>
  <system-out/>
  <testcase classname="Arabic_Lang.Launch_Hourly_ScheduleLater_StartTripEarly_Incomplete" name="testOnphourlySelectionPage" time="51.380"/>
  <system-out/>
  <testcase classname="Arabic_Lang.Launch_Hourly_ScheduleLater_StartTripEarly_Incomplete" name="testOnHomeScreenHourly_ScheduleLaterBtn" time="31.560"/>
  <system-out/>
  <testcase classname="Arabic_Lang.Launch_Hourly_ScheduleLater_StartTripEarly_Incomplete" name="testOnLetsGoPage" time="5.669"/>
  <system-out/>
</testsuite> <!-- Arabic_Lang.Launch_Hourly_ScheduleLater_StartTripEarly_Incomplete -->
