<?xml version="1.0" encoding="UTF-8"?>
<!-- Generated by org.testng.reporters.JUnitReportReporter -->
<testsuite hostname="BGMacs-iMac.local" failures="0" tests="14" name="Spanish_Lang.Launch_Hourly_ScheduleLater_StratTrip_Incomplete" time="556.573" errors="0" timestamp="2025-06-10T13:29:06 IST" skipped="0">
  <testcase classname="Spanish_Lang.Launch_Hourly_ScheduleLater_StratTrip_Incomplete" name="testOnHomeScreenHourly_ScheduleLaterBtn" time="31.674"/>
  <system-out/>
  <testcase classname="Spanish_Lang.Launch_Hourly_ScheduleLater_StratTrip_Incomplete" name="testOnStartTripcancelbookingPage" time="71.976"/>
  <system-out/>
  <testcase classname="Spanish_Lang.Launch_Hourly_ScheduleLater_StratTrip_Incomplete" name="testOnLetsGoPage" time="5.676"/>
  <system-out/>
  <testcase classname="Spanish_Lang.Launch_Hourly_ScheduleLater_StratTrip_Incomplete" name="testOnHomeScreenHourly_DIA_PickupTerminal1" time="31.840"/>
  <system-out/>
  <testcase classname="Spanish_Lang.Launch_Hourly_ScheduleLater_StratTrip_Incomplete" name="testOnOtpPage" time="27.685"/>
  <system-out/>
  <testcase classname="Spanish_Lang.Launch_Hourly_ScheduleLater_StratTrip_Incomplete" name="testOnLanguagePage" time="11.040"/>
  <system-out/>
  <testcase classname="Spanish_Lang.Launch_Hourly_ScheduleLater_StratTrip_Incomplete" name="testOncAPUPage" time="89.693"/>
  <system-out/>
  <testcase classname="Spanish_Lang.Launch_Hourly_ScheduleLater_StratTrip_Incomplete" name="testOnpickuppopUpBar" time="41.054"/>
  <system-out/>
  <testcase classname="Spanish_Lang.Launch_Hourly_ScheduleLater_StratTrip_Incomplete" name="testOnHomeScreenHourly_DIA_PickupFromPage" time="56.921"/>
  <system-out/>
  <testcase classname="Spanish_Lang.Launch_Hourly_ScheduleLater_StratTrip_Incomplete" name="testOnpaymentPageforcash" time="62.814"/>
  <system-out/>
  <testcase classname="Spanish_Lang.Launch_Hourly_ScheduleLater_StratTrip_Incomplete" name="testOnPayNowPageApplePay" time="27.601"/>
  <system-out/>
  <testcase classname="Spanish_Lang.Launch_Hourly_ScheduleLater_StratTrip_Incomplete" name="testOnphourlySelectionPage" time="51.414"/>
  <system-out/>
  <testcase classname="Spanish_Lang.Launch_Hourly_ScheduleLater_StratTrip_Incomplete" name="testOncarselectionPage1" time="20.766"/>
  <system-out/>
  <testcase classname="Spanish_Lang.Launch_Hourly_ScheduleLater_StratTrip_Incomplete" name="testOnLetsgetStartedexistAccntPage" time="26.419"/>
  <system-out/>
</testsuite> <!-- Spanish_Lang.Launch_Hourly_ScheduleLater_StratTrip_Incomplete -->
