<?xml version="1.0" encoding="UTF-8"?>
<!-- Generated by org.testng.reporters.JUnitReportReporter -->
<testsuite hostname="BGMacs-iMac.local" failures="0" tests="6" name="Arabic_Lang.Launch_SideBar" time="155.769" errors="0" timestamp="2025-06-24T10:48:30 IST" skipped="0">
  <testcase classname="Arabic_Lang.Launch_SideBar" name="testOnSideBarBtn" time="16.201"/>
  <system-out/>
  <testcase classname="Arabic_Lang.Launch_SideBar" name="testOnLetsGoPage" time="5.644"/>
  <system-out/>
  <testcase classname="Arabic_Lang.Launch_SideBar" name="testOnLanguagePage" time="11.266"/>
  <system-out/>
  <testcase classname="Arabic_Lang.Launch_SideBar" name="testOnOtpPage" time="27.546"/>
  <system-out/>
  <testcase classname="Arabic_Lang.Launch_SideBar" name="testOnHekpCenterArwBtn" time="64.922"/>
  <system-out/>
  <testcase classname="Arabic_Lang.Launch_SideBar" name="testOnLetsgetStartedPage" time="30.190"/>
  <system-out/>
</testsuite> <!-- Arabic_Lang.Launch_SideBar -->
