<?xml version="1.0" encoding="UTF-8"?>
<!-- Generated by org.testng.reporters.JUnitReportReporter -->
<testsuite hostname="BGMacs-iMac.local" failures="0" tests="17" name="Spanish_Lang.Launch_Hourly_ScheduleLater_StratTripEarly" time="827.904" errors="0" timestamp="2025-06-12T11:46:28 IST" skipped="0">
  <testcase classname="Spanish_Lang.Launch_Hourly_ScheduleLater_StratTripEarly" name="testOnHomeScreenHourly_DM_Pickup_ZabeelParking" time="31.860"/>
  <system-out/>
  <testcase classname="Spanish_Lang.Launch_Hourly_ScheduleLater_StratTripEarly" name="testOnOtpPage" time="27.667"/>
  <system-out/>
  <testcase classname="Spanish_Lang.Launch_Hourly_ScheduleLater_StratTripEarly" name="testOnpaymentPageforcash" time="62.829"/>
  <system-out/>
  <testcase classname="Spanish_Lang.Launch_Hourly_ScheduleLater_StratTripEarly" name="testOnFeedBackPage" time="21.040"/>
  <system-out/>
  <testcase classname="Spanish_Lang.Launch_Hourly_ScheduleLater_StratTripEarly" name="testOnHomeScreenHourly_ScheduleLaterBtn" time="31.556"/>
  <system-out/>
  <testcase classname="Spanish_Lang.Launch_Hourly_ScheduleLater_StratTripEarly" name="testOnWhereToPage" time="240.362"/>
  <system-out/>
  <testcase classname="Spanish_Lang.Launch_Hourly_ScheduleLater_StratTripEarly" name="testOnLanguagePage" time="11.137"/>
  <system-out/>
  <testcase classname="Spanish_Lang.Launch_Hourly_ScheduleLater_StratTripEarly" name="testOnpickUpPage" time="120.615"/>
  <system-out/>
  <testcase classname="Spanish_Lang.Launch_Hourly_ScheduleLater_StratTripEarly" name="testOnphourlySelectionPage" time="51.470"/>
  <system-out/>
  <testcase classname="Spanish_Lang.Launch_Hourly_ScheduleLater_StratTripEarly" name="testOncarselectionPage1" time="20.710"/>
  <system-out/>
  <testcase classname="Spanish_Lang.Launch_Hourly_ScheduleLater_StratTripEarly" name="testOnLetsgetStartedPage" time="30.298"/>
  <system-out/>
  <testcase classname="Spanish_Lang.Launch_Hourly_ScheduleLater_StratTripEarly" name="testOnStarttriEarlyBtn" time="35.659"/>
  <system-out/>
  <testcase classname="Spanish_Lang.Launch_Hourly_ScheduleLater_StratTripEarly" name="testOnChauffeurNotes" time="51.229"/>
  <system-out/>
  <testcase classname="Spanish_Lang.Launch_Hourly_ScheduleLater_StratTripEarly" name="testOnQuickFeedBackPage" time="10.531"/>
  <system-out/>
  <testcase classname="Spanish_Lang.Launch_Hourly_ScheduleLater_StratTripEarly" name="testOnpickuppopUpBar" time="41.158"/>
  <system-out/>
  <testcase classname="Spanish_Lang.Launch_Hourly_ScheduleLater_StratTripEarly" name="testOnLetsGoPage" time="5.627"/>
  <system-out/>
  <testcase classname="Spanish_Lang.Launch_Hourly_ScheduleLater_StratTripEarly" name="testOnHomeScreenHourly_DM_PickupFromPage" time="34.156"/>
  <system-out/>
</testsuite> <!-- Spanish_Lang.Launch_Hourly_ScheduleLater_StratTripEarly -->
