<?xml version="1.0" encoding="UTF-8"?>
<!-- Generated by org.testng.reporters.JUnitReportReporter -->
<testsuite hostname="BGMacs-iMac.local" failures="0" tests="12" name="ios.Launch_RideNow_ScheduleLater_StartTripEarly_Incomplete" time="529.416" errors="0" timestamp="2025-05-14T18:09:56 IST" skipped="0">
  <testcase classname="ios.Launch_RideNow_ScheduleLater_StartTripEarly_Incomplete" name="testOnLetsgetStartedexistAccntPage" time="30.325"/>
  <system-out/>
  <testcase classname="ios.Launch_RideNow_ScheduleLater_StartTripEarly_Incomplete" name="testOnHomeScreenRideNow_ScheduleLaterBtn" time="21.036"/>
  <system-out/>
  <testcase classname="ios.Launch_RideNow_ScheduleLater_StartTripEarly_Incomplete" name="testOnStartTripcancelbookingPage" time="70.789"/>
  <system-out/>
  <testcase classname="ios.Launch_RideNow_ScheduleLater_StartTripEarly_Incomplete" name="testOnPayNowPageCard" time="21.690"/>
  <system-out/>
  <testcase classname="ios.Launch_RideNow_ScheduleLater_StartTripEarly_Incomplete" name="testOnpickuppopUpBar" time="41.082"/>
  <system-out/>
  <testcase classname="ios.Launch_RideNow_ScheduleLater_StartTripEarly_Incomplete" name="testOncAPUPage" time="98.349"/>
  <system-out/>
  <testcase classname="ios.Launch_RideNow_ScheduleLater_StartTripEarly_Incomplete" name="testOnHomeScreenHourly_DIA_PickupTerminal2" time="31.808"/>
  <system-out/>
  <testcase classname="ios.Launch_RideNow_ScheduleLater_StartTripEarly_Incomplete" name="testOnLetsGoPage" time="5.635"/>
  <system-out/>
  <testcase classname="ios.Launch_RideNow_ScheduleLater_StartTripEarly_Incomplete" name="testOnOtpPage" time="27.724"/>
  <system-out/>
  <testcase classname="ios.Launch_RideNow_ScheduleLater_StartTripEarly_Incomplete" name="testOncarselectionPage" time="20.848"/>
  <system-out/>
  <testcase classname="ios.Launch_RideNow_ScheduleLater_StartTripEarly_Incomplete" name="testOnHomeScreen_RideNow_DIA_WhereToPage" time="96.899"/>
  <system-out/>
  <testcase classname="ios.Launch_RideNow_ScheduleLater_StartTripEarly_Incomplete" name="testOnpaymentPageforCash" time="63.231"/>
  <system-out/>
</testsuite> <!-- ios.Launch_RideNow_ScheduleLater_StartTripEarly_Incomplete -->
