<?xml version="1.0" encoding="UTF-8"?>
<!-- Generated by org.testng.reporters.JUnitReportReporter -->
<testsuite hostname="BGMacs-iMac.local" failures="0" tests="14" name="French_Lang.Launch_ScheduleLater_StartTrip_Incomplete" time="489.485" errors="0" timestamp="2025-05-26T17:50:54 IST" skipped="0">
  <testcase classname="French_Lang.Launch_ScheduleLater_StartTrip_Incomplete" name="testOnLetsgetStartedexistAccntPage" time="26.216"/>
  <system-out/>
  <testcase classname="French_Lang.Launch_ScheduleLater_StartTrip_Incomplete" name="testOnChauffeurNotes" time="51.322"/>
  <system-out/>
  <testcase classname="French_Lang.Launch_ScheduleLater_StartTrip_Incomplete" name="testOnHomeScreenHourly_ScheduleLaterBtn" time="31.556"/>
  <system-out/>
  <testcase classname="French_Lang.Launch_ScheduleLater_StartTrip_Incomplete" name="testOnHomeScreenHourly_DM_PickupFromPage" time="34.768"/>
  <system-out/>
  <testcase classname="French_Lang.Launch_ScheduleLater_StartTrip_Incomplete" name="testOnLanguagePage" time="11.113"/>
  <system-out/>
  <testcase classname="French_Lang.Launch_ScheduleLater_StartTrip_Incomplete" name="testOnLetsGoPage" time="5.604"/>
  <system-out/>
  <testcase classname="French_Lang.Launch_ScheduleLater_StartTrip_Incomplete" name="testOnPayNowPageCard" time="21.591"/>
  <system-out/>
  <testcase classname="French_Lang.Launch_ScheduleLater_StartTrip_Incomplete" name="testOnpaymentPageforcash" time="62.848"/>
  <system-out/>
  <testcase classname="French_Lang.Launch_ScheduleLater_StartTrip_Incomplete" name="testOnphourlySelectionPage" time="51.484"/>
  <system-out/>
  <testcase classname="French_Lang.Launch_ScheduleLater_StartTrip_Incomplete" name="testOnStartTripcancelbookingPage" time="71.483"/>
  <system-out/>
  <testcase classname="French_Lang.Launch_ScheduleLater_StartTrip_Incomplete" name="testOnHomeScreenHourly_DM_Pickup_ZabeelParking" time="31.776"/>
  <system-out/>
  <testcase classname="French_Lang.Launch_ScheduleLater_StartTrip_Incomplete" name="testOncarselectionPage1" time="20.744"/>
  <system-out/>
  <testcase classname="French_Lang.Launch_ScheduleLater_StartTrip_Incomplete" name="testOnOtpPage" time="27.938"/>
  <system-out/>
  <testcase classname="French_Lang.Launch_ScheduleLater_StartTrip_Incomplete" name="testOnpickuppopUpBar" time="41.042"/>
  <system-out/>
</testsuite> <!-- French_Lang.Launch_ScheduleLater_StartTrip_Incomplete -->
