<?xml version="1.0" encoding="UTF-8"?>
<!-- Generated by org.testng.reporters.JUnitReportReporter -->
<testsuite hostname="BGMacs-iMac.local" failures="0" tests="6" name="French_Lang.Launch_Login_Registration" time="102.333" errors="0" timestamp="2025-05-22T16:54:07 IST" skipped="0">
  <testcase classname="French_Lang.Launch_Login_Registration" name="testOnAddressyouPage" time="19.109"/>
  <system-out/>
  <testcase classname="French_Lang.Launch_Login_Registration" name="testOnOtpPage" time="27.617"/>
  <system-out/>
  <testcase classname="French_Lang.Launch_Login_Registration" name="testOnLetsgetStartedPage" time="30.453"/>
  <system-out/>
  <testcase classname="French_Lang.Launch_Login_Registration" name="testOnhowAddressyouPage" time="8.515"/>
  <system-out/>
  <testcase classname="French_Lang.Launch_Login_Registration" name="testOnLetsGoPage" time="5.622"/>
  <system-out/>
  <testcase classname="French_Lang.Launch_Login_Registration" name="testOnLanguagePage" time="11.017"/>
  <system-out/>
</testsuite> <!-- French_Lang.Launch_Login_Registration -->
