<?xml version="1.0" encoding="UTF-8"?>
<!-- Generated by org.testng.reporters.JUnitReportReporter -->
<testsuite hostname="BGMacs-iMac.local" failures="0" tests="15" name="French_Lang.Launch_Hourly_CompleteTrip" time="806.859" errors="0" timestamp="2025-05-29T16:27:19 IST" skipped="0">
  <testcase classname="French_Lang.Launch_Hourly_CompleteTrip" name="testOnLetsgetStartedexistAccntPage" time="26.378"/>
  <system-out/>
  <testcase classname="French_Lang.Launch_Hourly_CompleteTrip" name="testOnpaymentPageforcash" time="62.941"/>
  <system-out/>
  <testcase classname="French_Lang.Launch_Hourly_CompleteTrip" name="testOncarselectionPage" time="25.765"/>
  <system-out/>
  <testcase classname="French_Lang.Launch_Hourly_CompleteTrip" name="testOnLetsGoPage" time="5.653"/>
  <system-out/>
  <testcase classname="French_Lang.Launch_Hourly_CompleteTrip" name="testOnLanguagePage" time="11.056"/>
  <system-out/>
  <testcase classname="French_Lang.Launch_Hourly_CompleteTrip" name="testOnWhereToPage" time="242.620"/>
  <system-out/>
  <testcase classname="French_Lang.Launch_Hourly_CompleteTrip" name="testOncAPUPage" time="90.530"/>
  <system-out/>
  <testcase classname="French_Lang.Launch_Hourly_CompleteTrip" name="testOnHomeScreenHourly_DIA_PickupTerminal1" time="31.839"/>
  <system-out/>
  <testcase classname="French_Lang.Launch_Hourly_CompleteTrip" name="testOnphourlySelectionPage" time="51.383"/>
  <system-out/>
  <testcase classname="French_Lang.Launch_Hourly_CompleteTrip" name="testOnFeedBackPage" time="21.059"/>
  <system-out/>
  <testcase classname="French_Lang.Launch_Hourly_CompleteTrip" name="testOnHomeScreenHourlyBtn" time="21.130"/>
  <system-out/>
  <testcase classname="French_Lang.Launch_Hourly_CompleteTrip" name="testOnQuickFeedBackPage" time="10.539"/>
  <system-out/>
  <testcase classname="French_Lang.Launch_Hourly_CompleteTrip" name="testOnOtpPage" time="27.731"/>
  <system-out/>
  <testcase classname="French_Lang.Launch_Hourly_CompleteTrip" name="testOnHomeScreenHourly_DIA_PickupFromPage" time="57.483"/>
  <system-out/>
  <testcase classname="French_Lang.Launch_Hourly_CompleteTrip" name="testOnpickUpPage" time="120.752"/>
  <system-out/>
</testsuite> <!-- French_Lang.Launch_Hourly_CompleteTrip -->
