<?xml version="1.0" encoding="UTF-8"?>
<!-- Generated by org.testng.reporters.JUnitReportReporter -->
<testsuite hostname="BGMacs-iMac.local" failures="0" tests="13" name="French_Lang.Launch_RideNow_ScheduleLater_StartTripEarly_Incomplete" time="546.656" errors="0" timestamp="2025-06-03T12:26:13 IST" skipped="0">
  <testcase classname="French_Lang.Launch_RideNow_ScheduleLater_StartTripEarly_Incomplete" name="testOnStartTripcancelbookingPage" time="71.532"/>
  <system-out/>
  <testcase classname="French_Lang.Launch_RideNow_ScheduleLater_StartTripEarly_Incomplete" name="testOnLanguagePage" time="11.036"/>
  <system-out/>
  <testcase classname="French_Lang.Launch_RideNow_ScheduleLater_StartTripEarly_Incomplete" name="testOnLetsgetStartedexistAccntPage" time="26.320"/>
  <system-out/>
  <testcase classname="French_Lang.Launch_RideNow_ScheduleLater_StartTripEarly_Incomplete" name="testOnpickuppopUpBar" time="41.060"/>
  <system-out/>
  <testcase classname="French_Lang.Launch_RideNow_ScheduleLater_StartTripEarly_Incomplete" name="testOnLetsGoPage" time="5.635"/>
  <system-out/>
  <testcase classname="French_Lang.Launch_RideNow_ScheduleLater_StartTripEarly_Incomplete" name="testOnpaymentPageforcash" time="63.023"/>
  <system-out/>
  <testcase classname="French_Lang.Launch_RideNow_ScheduleLater_StartTripEarly_Incomplete" name="testOnHomeScreenRideNow_ScheduleLaterBtn" time="21.027"/>
  <system-out/>
  <testcase classname="French_Lang.Launch_RideNow_ScheduleLater_StartTripEarly_Incomplete" name="testOnOtpPage" time="27.672"/>
  <system-out/>
  <testcase classname="French_Lang.Launch_RideNow_ScheduleLater_StartTripEarly_Incomplete" name="testOnHomeScreen_RideNow_DIA_WhereToPage" time="96.518"/>
  <system-out/>
  <testcase classname="French_Lang.Launch_RideNow_ScheduleLater_StartTripEarly_Incomplete" name="testOnPayNowPageApplePay" time="27.609"/>
  <system-out/>
  <testcase classname="French_Lang.Launch_RideNow_ScheduleLater_StartTripEarly_Incomplete" name="testOncAPUPage" time="97.686"/>
  <system-out/>
  <testcase classname="French_Lang.Launch_RideNow_ScheduleLater_StartTripEarly_Incomplete" name="testOncarselectionPage" time="25.745"/>
  <system-out/>
  <testcase classname="French_Lang.Launch_RideNow_ScheduleLater_StartTripEarly_Incomplete" name="testOnHomeScreenHourly_DIA_PickupTerminal3" time="31.793"/>
  <system-out/>
</testsuite> <!-- French_Lang.Launch_RideNow_ScheduleLater_StartTripEarly_Incomplete -->
