<?xml version="1.0" encoding="UTF-8"?>
<!-- Generated by org.testng.reporters.JUnitReportReporter -->
<testsuite hostname="BGMacs-iMac.local" failures="0" tests="14" name="ios.Launch_RideNow_ScheduleLater_StartTripEarly" time="625.900" errors="0" timestamp="2025-05-14T16:54:31 IST" skipped="0">
  <testcase classname="ios.Launch_RideNow_ScheduleLater_StartTripEarly" name="testOnpaymentPageforapplePay" time="63.395"/>
  <system-out/>
  <testcase classname="ios.Launch_RideNow_ScheduleLater_StartTripEarly" name="testOnLetsgetStartedexistAccntPage" time="30.483"/>
  <system-out/>
  <testcase classname="ios.Launch_RideNow_ScheduleLater_StartTripEarly" name="testOncarselectionPage" time="20.863"/>
  <system-out/>
  <testcase classname="ios.Launch_RideNow_ScheduleLater_StartTripEarly" name="testOnLetsGoPage" time="5.643"/>
  <system-out/>
  <testcase classname="ios.Launch_RideNow_ScheduleLater_StartTripEarly" name="testOnHomeScreenRideNow_ScheduleLaterBtn" time="21.141"/>
  <system-out/>
  <testcase classname="ios.Launch_RideNow_ScheduleLater_StartTripEarly" name="testOncAPUPage" time="98.208"/>
  <system-out/>
  <testcase classname="ios.Launch_RideNow_ScheduleLater_StartTripEarly" name="testOnFeedBackPage" time="21.146"/>
  <system-out/>
  <testcase classname="ios.Launch_RideNow_ScheduleLater_StartTripEarly" name="testOnQuickFeedBackPage" time="10.536"/>
  <system-out/>
  <testcase classname="ios.Launch_RideNow_ScheduleLater_StartTripEarly" name="testOnHomeScreenHourly_DIA_PickupTerminal2" time="31.838"/>
  <system-out/>
  <testcase classname="ios.Launch_RideNow_ScheduleLater_StartTripEarly" name="testOnpickUpPage" time="120.786"/>
  <system-out/>
  <testcase classname="ios.Launch_RideNow_ScheduleLater_StartTripEarly" name="testOnOtpPage" time="27.624"/>
  <system-out/>
  <testcase classname="ios.Launch_RideNow_ScheduleLater_StartTripEarly" name="testOnStarttriEarlyBtn" time="35.958"/>
  <system-out/>
  <testcase classname="ios.Launch_RideNow_ScheduleLater_StartTripEarly" name="testOnpickuppopUpBar" time="41.067"/>
  <system-out/>
  <testcase classname="ios.Launch_RideNow_ScheduleLater_StartTripEarly" name="testOnHomeScreen_RideNow_DIA_WhereToPage" time="97.212"/>
  <system-out/>
</testsuite> <!-- ios.Launch_RideNow_ScheduleLater_StartTripEarly -->
