<?xml version="1.0" encoding="UTF-8"?>
<!-- Generated by org.testng.reporters.JUnitReportReporter -->
<testsuite hostname="BGMacs-iMac.local" failures="0" tests="6" name="Arabic_Lang.Launch_Login_Registration" time="102.982" errors="0" timestamp="2025-06-23T13:14:35 IST" skipped="0">
  <testcase classname="Arabic_Lang.Launch_Login_Registration" name="testOnOtpPage" time="27.754"/>
  <system-out/>
  <testcase classname="Arabic_Lang.Launch_Login_Registration" name="testOnLanguagePage" time="11.045"/>
  <system-out/>
  <testcase classname="Arabic_Lang.Launch_Login_Registration" name="testOnhowAddressyouPage" time="8.481"/>
  <system-out/>
  <testcase classname="Arabic_Lang.Launch_Login_Registration" name="testOnAddressyouPage" time="19.182"/>
  <system-out/>
  <testcase classname="Arabic_Lang.Launch_Login_Registration" name="testOnLetsgetStartedPage" time="30.803"/>
  <system-out/>
  <testcase classname="Arabic_Lang.Launch_Login_Registration" name="testOnLetsGoPage" time="5.717"/>
  <system-out/>
</testsuite> <!-- Arabic_Lang.Launch_Login_Registration -->
