<?xml version="1.0" encoding="UTF-8"?>
<!-- Generated by org.testng.reporters.JUnitReportReporter -->
<testsuite hostname="BGMacs-iMac.local" failures="0" tests="13" name="Spanish_Lang.Launch_RideNow_ScheduleLater_StartTripEarly_Incomplete" time="483.699" errors="0" timestamp="2025-06-18T11:27:12 IST" skipped="0">
  <testcase classname="Spanish_Lang.Launch_RideNow_ScheduleLater_StartTripEarly_Incomplete" name="testOnChauffeurNotes" time="53.397"/>
  <system-out/>
  <testcase classname="Spanish_Lang.Launch_RideNow_ScheduleLater_StartTripEarly_Incomplete" name="testOnOtpPage" time="27.612"/>
  <system-out/>
  <testcase classname="Spanish_Lang.Launch_RideNow_ScheduleLater_StartTripEarly_Incomplete" name="testOnLanguagePage" time="11.031"/>
  <system-out/>
  <testcase classname="Spanish_Lang.Launch_RideNow_ScheduleLater_StartTripEarly_Incomplete" name="testOnLetsGoPage" time="5.765"/>
  <system-out/>
  <testcase classname="Spanish_Lang.Launch_RideNow_ScheduleLater_StartTripEarly_Incomplete" name="testOnHomeScreen_RideNow_DM_WhereToPage" time="73.574"/>
  <system-out/>
  <testcase classname="Spanish_Lang.Launch_RideNow_ScheduleLater_StartTripEarly_Incomplete" name="testOnpickuppopUpBar" time="41.069"/>
  <system-out/>
  <testcase classname="Spanish_Lang.Launch_RideNow_ScheduleLater_StartTripEarly_Incomplete" name="testOnPayNowPageCard" time="27.606"/>
  <system-out/>
  <testcase classname="Spanish_Lang.Launch_RideNow_ScheduleLater_StartTripEarly_Incomplete" name="testOnStartTripcancelbookingPage" time="71.394"/>
  <system-out/>
  <testcase classname="Spanish_Lang.Launch_RideNow_ScheduleLater_StartTripEarly_Incomplete" name="testOncarselectionPage" time="25.827"/>
  <system-out/>
  <testcase classname="Spanish_Lang.Launch_RideNow_ScheduleLater_StartTripEarly_Incomplete" name="testOnLetsgetStartedPage" time="30.312"/>
  <system-out/>
  <testcase classname="Spanish_Lang.Launch_RideNow_ScheduleLater_StartTripEarly_Incomplete" name="testOnHomeScreenRideNow_ScheduleLaterBtn" time="21.041"/>
  <system-out/>
  <testcase classname="Spanish_Lang.Launch_RideNow_ScheduleLater_StartTripEarly_Incomplete" name="testOnHomeScreenHourly_DM_Pickup_CinemaParking" time="31.774"/>
  <system-out/>
  <testcase classname="Spanish_Lang.Launch_RideNow_ScheduleLater_StartTripEarly_Incomplete" name="testOnpaymentPageforcash" time="63.297"/>
  <system-out/>
</testsuite> <!-- Spanish_Lang.Launch_RideNow_ScheduleLater_StartTripEarly_Incomplete -->
