<?xml version="1.0" encoding="UTF-8"?>
<!-- Generated by org.testng.reporters.JUnitReportReporter -->
<testsuite hostname="BGMacs-iMac.local" failures="0" tests="10" name="Spanish_Lang.Launch_ScheduleLater" time="351.017" errors="0" timestamp="2025-06-17T12:39:26 IST" skipped="0">
  <testcase classname="Spanish_Lang.Launch_ScheduleLater" name="testOnOtpPage" time="27.692"/>
  <system-out/>
  <testcase classname="Spanish_Lang.Launch_ScheduleLater" name="testOnHomeScreenHourlyPickupFromPage_NY" time="53.631"/>
  <system-out/>
  <testcase classname="Spanish_Lang.Launch_ScheduleLater" name="testOnLanguagePage" time="11.019"/>
  <system-out/>
  <testcase classname="Spanish_Lang.Launch_ScheduleLater" name="testOnLetsGoPage" time="5.621"/>
  <system-out/>
  <testcase classname="Spanish_Lang.Launch_ScheduleLater" name="testOnHomeScreenHourly_ScheduleLaterBtn" time="31.547"/>
  <system-out/>
  <testcase classname="Spanish_Lang.Launch_ScheduleLater" name="testOnChauffeurNotes" time="51.208"/>
  <system-out/>
  <testcase classname="Spanish_Lang.Launch_ScheduleLater" name="testOnpaymentPageforcash" time="62.924"/>
  <system-out/>
  <testcase classname="Spanish_Lang.Launch_ScheduleLater" name="testOnphourlySelectionPage" time="51.369"/>
  <system-out/>
  <testcase classname="Spanish_Lang.Launch_ScheduleLater" name="testOnLetsgetStartedPage" time="30.247"/>
  <system-out/>
  <testcase classname="Spanish_Lang.Launch_ScheduleLater" name="testOncarselectionPage" time="25.759"/>
  <system-out/>
</testsuite> <!-- Spanish_Lang.Launch_ScheduleLater -->
