<?xml version="1.0" encoding="UTF-8"?>
<!-- Generated by org.testng.reporters.JUnitReportReporter -->
<testsuite hostname="BGMacs-iMac.local" failures="0" tests="11" name="French_Lang.Launch_RideNow_CompleteTrip" time="458.828" errors="0" timestamp="2025-06-05T16:40:19 IST" skipped="0">
  <testcase classname="French_Lang.Launch_RideNow_CompleteTrip" name="testOnpaymentPageforcard" time="63.216"/>
  <system-out/>
  <testcase classname="French_Lang.Launch_RideNow_CompleteTrip" name="testOnOtpPage" time="27.622"/>
  <system-out/>
  <testcase classname="French_Lang.Launch_RideNow_CompleteTrip" name="testOnHomeScreen_RideNow_IND_WhereToPage" time="91.361"/>
  <system-out/>
  <testcase classname="French_Lang.Launch_RideNow_CompleteTrip" name="testOnChauffeurNotes" time="54.241"/>
  <system-out/>
  <testcase classname="French_Lang.Launch_RideNow_CompleteTrip" name="testOnFeedBackPage" time="21.659"/>
  <system-out/>
  <testcase classname="French_Lang.Launch_RideNow_CompleteTrip" name="testOnLanguagePage" time="11.026"/>
  <system-out/>
  <testcase classname="French_Lang.Launch_RideNow_CompleteTrip" name="testOnHomeScreen_RideNow" time="10.628"/>
  <system-out/>
  <testcase classname="French_Lang.Launch_RideNow_CompleteTrip" name="testOnpickUpPage" time="120.893"/>
  <system-out/>
  <testcase classname="French_Lang.Launch_RideNow_CompleteTrip" name="testOnLetsgetStartedexistAccntPage" time="26.789"/>
  <system-out/>
  <testcase classname="French_Lang.Launch_RideNow_CompleteTrip" name="testOncarselectionPage" time="25.734"/>
  <system-out/>
  <testcase classname="French_Lang.Launch_RideNow_CompleteTrip" name="testOnLetsGoPage" time="5.659"/>
  <system-out/>
</testsuite> <!-- French_Lang.Launch_RideNow_CompleteTrip -->
