<?xml version="1.0" encoding="UTF-8"?>
<!-- Generated by org.testng.reporters.JUnitReportReporter -->
<testsuite hostname="BGMacs-iMac.local" failures="0" tests="13" name="ios.Launch_Hourly_ScheduleLater_StartTrip_Incomplete" time="529.473" errors="0" timestamp="2025-05-14T11:57:10 IST" skipped="0">
  <testcase classname="ios.Launch_Hourly_ScheduleLater_StartTrip_Incomplete" name="testOnHomeScreenHourly_ScheduleLaterBtn" time="31.554"/>
  <system-out/>
  <testcase classname="ios.Launch_Hourly_ScheduleLater_StartTrip_Incomplete" name="testOnpickuppopUpBar" time="41.051"/>
  <system-out/>
  <testcase classname="ios.Launch_Hourly_ScheduleLater_StartTrip_Incomplete" name="testOncAPUPage" time="89.207"/>
  <system-out/>
  <testcase classname="ios.Launch_Hourly_ScheduleLater_StartTrip_Incomplete" name="testOnpaymentPageforcash" time="42.836"/>
  <system-out/>
  <testcase classname="ios.Launch_Hourly_ScheduleLater_StartTrip_Incomplete" name="testOnphourlySelectionPage" time="51.346"/>
  <system-out/>
  <testcase classname="ios.Launch_Hourly_ScheduleLater_StartTrip_Incomplete" name="testOncarselectionPage1" time="20.784"/>
  <system-out/>
  <testcase classname="ios.Launch_Hourly_ScheduleLater_StartTrip_Incomplete" name="testOnLetsGoPage" time="5.610"/>
  <system-out/>
  <testcase classname="ios.Launch_Hourly_ScheduleLater_StartTrip_Incomplete" name="testOnHomeScreenHourly_DIA_PickupFromPage" time="57.723"/>
  <system-out/>
  <testcase classname="ios.Launch_Hourly_ScheduleLater_StartTrip_Incomplete" name="testOnHomeScreenHourly_DIA_PickupTerminal2" time="31.961"/>
  <system-out/>
  <testcase classname="ios.Launch_Hourly_ScheduleLater_StartTrip_Incomplete" name="testOnOtpPage" time="27.636"/>
  <system-out/>
  <testcase classname="ios.Launch_Hourly_ScheduleLater_StartTrip_Incomplete" name="testOnStartTripcancelbookingPage" time="71.657"/>
  <system-out/>
  <testcase classname="ios.Launch_Hourly_ScheduleLater_StartTrip_Incomplete" name="testOnLetsgetStartedexistAccntPage" time="30.395"/>
  <system-out/>
  <testcase classname="ios.Launch_Hourly_ScheduleLater_StartTrip_Incomplete" name="testOnPayNowPageApplePay" time="27.713"/>
  <system-out/>
</testsuite> <!-- ios.Launch_Hourly_ScheduleLater_StartTrip_Incomplete -->
