<?xml version="1.0" encoding="UTF-8"?>
<!-- Generated by org.testng.reporters.JUnitReportReporter -->
<testsuite hostname="BGMacs-iMac.local" failures="0" tests="1" name="ios.jumanji" time="11.536" errors="0" timestamp="2025-07-16T16:01:47 IST" skipped="0">
  <testcase classname="ios.jumanji" name="testOnLetsGoPage" time="11.536"/>
  <system-out/>
</testsuite> <!-- ios.jumanji -->
