<?xml version="1.0" encoding="UTF-8"?>
<!-- Generated by org.testng.reporters.JUnitReportReporter -->
<testsuite hostname="BGMacs-iMac.local" failures="0" tests="9" name="ios.RideNow_all" time="4382.599" errors="0" timestamp="2025-06-27T17:45:50 IST" skipped="0">
  <testcase classname="ios.RideNow_all" name="dubaiAirportLocCardFlow1" time="476.069"/>
  <system-out/>
  <testcase classname="ios.RideNow_all" name="dubaiAirportLocCardFlow3" time="497.745"/>
  <system-out/>
  <testcase classname="ios.RideNow_all" name="dubaiAirportLocAppleFlow1" time="479.925"/>
  <system-out/>
  <testcase classname="ios.RideNow_all" name="dubaiAirportLocCashFlow3" time="493.944"/>
  <system-out/>
  <testcase classname="ios.RideNow_all" name="dubaiAirportLocAppleFlow3" time="501.387"/>
  <system-out/>
  <testcase classname="ios.RideNow_all" name="dubaiAirportLocCardFlow2" time="487.285"/>
  <system-out/>
  <testcase classname="ios.RideNow_all" name="dubaiAirportLocCashFlow2" time="482.678"/>
  <system-out/>
  <testcase classname="ios.RideNow_all" name="dubaiAirportLocCashFlow1" time="472.436"/>
  <system-out/>
  <testcase classname="ios.RideNow_all" name="dubaiAirportLocAppleFlow2" time="491.130"/>
  <system-out/>
</testsuite> <!-- ios.RideNow_all -->
