<?xml version="1.0" encoding="UTF-8"?>
<!-- Generated by org.testng.reporters.JUnitReportReporter -->
<testsuite hostname="BGMacs-iMac.local" failures="0" tests="14" name="ios.Launch_Hourly" time="580.586" errors="0" timestamp="2025-05-09T13:04:29 IST" skipped="0">
  <testcase classname="ios.Launch_Hourly" name="testOnWhereToPage" time="240.979"/>
  <system-out/>
  <testcase classname="ios.Launch_Hourly" name="testOnChauffeurNotes" time="50.958"/>
  <system-out/>
  <testcase classname="ios.Launch_Hourly" name="testOnLetsgetStartedexistAccntPage" time="30.601"/>
  <system-out/>
  <testcase classname="ios.Launch_Hourly" name="testOnQuickFeedBackPage" time="10.549"/>
  <system-out/>
  <testcase classname="ios.Launch_Hourly" name="testOncarselectionPage" time="10.867"/>
  <system-out/>
  <testcase classname="ios.Launch_Hourly" name="testOnHomeScreenHourlyBtn" time="21.038"/>
  <system-out/>
  <testcase classname="ios.Launch_Hourly" name="testOnLetsGoPage" time="5.658"/>
  <system-out/>
  <testcase classname="ios.Launch_Hourly" name="testOnOtpPage" time="27.660"/>
  <system-out/>
  <testcase classname="ios.Launch_Hourly" name="testOnFeedBackPage" time="21.047"/>
  <system-out/>
  <testcase classname="ios.Launch_Hourly" name="testOnHomeScreenHourly_DM_PickupFromPage" time="34.254"/>
  <system-out/>
  <testcase classname="ios.Launch_Hourly" name="testOnpaymentPageforapplePay" time="42.967"/>
  <system-out/>
  <testcase classname="ios.Launch_Hourly" name="testOnHomeScreenHourly_DM_Pickup_ZabeelParking" time="31.781"/>
  <system-out/>
  <testcase classname="ios.Launch_Hourly" name="testOnpickUpPage" time="20.816"/>
  <system-out/>
  <testcase classname="ios.Launch_Hourly" name="testOnphourlySelectionPage" time="31.411"/>
  <system-out/>
</testsuite> <!-- ios.Launch_Hourly -->
