<?xml version="1.0" encoding="UTF-8"?>
<!-- Generated by org.testng.reporters.JUnitReportReporter -->
<testsuite hostname="BGMacs-iMac.local" failures="0" tests="5" name="ios.Launch_sidebarmenu_myactivity" time="79.215" errors="0" timestamp="2025-04-30T12:59:05 IST" skipped="0">
  <testcase classname="ios.Launch_sidebarmenu_myactivity" name="testOnhowAddressyouPage" time="8.515"/>
  <system-out/>
  <testcase classname="ios.Launch_sidebarmenu_myactivity" name="testOnLetsGoPage" time="5.617"/>
  <system-out/>
  <testcase classname="ios.Launch_sidebarmenu_myactivity" name="testOnOtpPage" time="15.617"/>
  <system-out/>
  <testcase classname="ios.Launch_sidebarmenu_myactivity" name="testOnAddressyouPage" time="19.128"/>
  <system-out/>
  <testcase classname="ios.Launch_sidebarmenu_myactivity" name="testOnLetsgetStartedPage" time="30.338"/>
  <system-out/>
</testsuite> <!-- ios.Launch_sidebarmenu_myactivity -->
