<?xml version="1.0" encoding="UTF-8"?>
<!-- Generated by org.testng.reporters.JUnitReportReporter -->
<testsuite hostname="BGMacs-iMac.local" failures="0" tests="15" name="Spanish_Lang.Launch_RideNow_ScheduleLater_StartTripEarly" time="644.111" errors="0" timestamp="2025-06-19T11:11:41 IST" skipped="0">
  <testcase classname="Spanish_Lang.Launch_RideNow_ScheduleLater_StartTripEarly" name="testOnQuickFeedBackPage" time="10.561"/>
  <system-out/>
  <testcase classname="Spanish_Lang.Launch_RideNow_ScheduleLater_StartTripEarly" name="testOnLetsgetStartedPage" time="30.248"/>
  <system-out/>
  <testcase classname="Spanish_Lang.Launch_RideNow_ScheduleLater_StartTripEarly" name="testOnpickUpPage" time="120.773"/>
  <system-out/>
  <testcase classname="Spanish_Lang.Launch_RideNow_ScheduleLater_StartTripEarly" name="testOnHomeScreenRideNow_ScheduleLaterBtn" time="21.045"/>
  <system-out/>
  <testcase classname="Spanish_Lang.Launch_RideNow_ScheduleLater_StartTripEarly" name="testOnOtpPage" time="27.553"/>
  <system-out/>
  <testcase classname="Spanish_Lang.Launch_RideNow_ScheduleLater_StartTripEarly" name="testOnpaymentPageforapplePay" time="63.066"/>
  <system-out/>
  <testcase classname="Spanish_Lang.Launch_RideNow_ScheduleLater_StartTripEarly" name="testOnHomeScreen_RideNow_DIA_WhereToPage" time="96.662"/>
  <system-out/>
  <testcase classname="Spanish_Lang.Launch_RideNow_ScheduleLater_StartTripEarly" name="testOnLanguagePage" time="11.016"/>
  <system-out/>
  <testcase classname="Spanish_Lang.Launch_RideNow_ScheduleLater_StartTripEarly" name="testOncAPUPage" time="96.752"/>
  <system-out/>
  <testcase classname="Spanish_Lang.Launch_RideNow_ScheduleLater_StartTripEarly" name="testOnStarttriEarlyBtn" time="35.936"/>
  <system-out/>
  <testcase classname="Spanish_Lang.Launch_RideNow_ScheduleLater_StartTripEarly" name="testOnHomeScreenHourly_DIA_PickupTerminal2" time="36.774"/>
  <system-out/>
  <testcase classname="Spanish_Lang.Launch_RideNow_ScheduleLater_StartTripEarly" name="testOncarselectionPage" time="25.895"/>
  <system-out/>
  <testcase classname="Spanish_Lang.Launch_RideNow_ScheduleLater_StartTripEarly" name="testOnFeedBackPage" time="21.138"/>
  <system-out/>
  <testcase classname="Spanish_Lang.Launch_RideNow_ScheduleLater_StartTripEarly" name="testOnpickuppopUpBar" time="41.078"/>
  <system-out/>
  <testcase classname="Spanish_Lang.Launch_RideNow_ScheduleLater_StartTripEarly" name="testOnLetsGoPage" time="5.614"/>
  <system-out/>
</testsuite> <!-- Spanish_Lang.Launch_RideNow_ScheduleLater_StartTripEarly -->
