<?xml version="1.0" encoding="UTF-8"?>
<!-- Generated by org.testng.reporters.JUnitReportReporter -->
<testsuite hostname="BGMacs-iMac.local" failures="0" tests="17" name="French_Lang.Launch_Hourly_ScheduleLater_StartTripEarly" time="827.020" errors="0" timestamp="2025-05-28T12:21:26 IST" skipped="0">
  <testcase classname="French_Lang.Launch_Hourly_ScheduleLater_StartTripEarly" name="testOnHomeScreenHourly_DM_Pickup_ZabeelParking" time="31.816"/>
  <system-out/>
  <testcase classname="French_Lang.Launch_Hourly_ScheduleLater_StartTripEarly" name="testOnOtpPage" time="27.584"/>
  <system-out/>
  <testcase classname="French_Lang.Launch_Hourly_ScheduleLater_StartTripEarly" name="testOnpaymentPageforcash" time="62.966"/>
  <system-out/>
  <testcase classname="French_Lang.Launch_Hourly_ScheduleLater_StartTripEarly" name="testOnFeedBackPage" time="21.049"/>
  <system-out/>
  <testcase classname="French_Lang.Launch_Hourly_ScheduleLater_StartTripEarly" name="testOnHomeScreenHourly_ScheduleLaterBtn" time="31.547"/>
  <system-out/>
  <testcase classname="French_Lang.Launch_Hourly_ScheduleLater_StartTripEarly" name="testOnWhereToPage" time="240.744"/>
  <system-out/>
  <testcase classname="French_Lang.Launch_Hourly_ScheduleLater_StartTripEarly" name="testOnLanguagePage" time="11.008"/>
  <system-out/>
  <testcase classname="French_Lang.Launch_Hourly_ScheduleLater_StartTripEarly" name="testOnpickUpPage" time="120.752"/>
  <system-out/>
  <testcase classname="French_Lang.Launch_Hourly_ScheduleLater_StartTripEarly" name="testOnphourlySelectionPage" time="51.403"/>
  <system-out/>
  <testcase classname="French_Lang.Launch_Hourly_ScheduleLater_StartTripEarly" name="testOncarselectionPage1" time="20.694"/>
  <system-out/>
  <testcase classname="French_Lang.Launch_Hourly_ScheduleLater_StartTripEarly" name="testOnLetsgetStartedexistAccntPage" time="26.375"/>
  <system-out/>
  <testcase classname="French_Lang.Launch_Hourly_ScheduleLater_StartTripEarly" name="testOnStarttriEarlyBtn" time="36.739"/>
  <system-out/>
  <testcase classname="French_Lang.Launch_Hourly_ScheduleLater_StartTripEarly" name="testOnChauffeurNotes" time="52.872"/>
  <system-out/>
  <testcase classname="French_Lang.Launch_Hourly_ScheduleLater_StartTripEarly" name="testOnQuickFeedBackPage" time="10.532"/>
  <system-out/>
  <testcase classname="French_Lang.Launch_Hourly_ScheduleLater_StartTripEarly" name="testOnpickuppopUpBar" time="41.097"/>
  <system-out/>
  <testcase classname="French_Lang.Launch_Hourly_ScheduleLater_StartTripEarly" name="testOnLetsGoPage" time="5.599"/>
  <system-out/>
  <testcase classname="French_Lang.Launch_Hourly_ScheduleLater_StartTripEarly" name="testOnHomeScreenHourly_DM_PickupFromPage" time="34.243"/>
  <system-out/>
</testsuite> <!-- French_Lang.Launch_Hourly_ScheduleLater_StartTripEarly -->
