<?xml version="1.0" encoding="UTF-8"?>
<!-- Generated by org.testng.reporters.JUnitReportReporter -->
<testsuite hostname="BGMacs-iMac.local" failures="0" tests="8" name="ios.Launch_RideNow_ScheduleLater" time="313.699" errors="0" timestamp="2025-05-20T12:40:12 IST" skipped="0">
  <testcase classname="ios.Launch_RideNow_ScheduleLater" name="testOnLetsgetStartedexistAccntPage" time="30.358"/>
  <system-out/>
  <testcase classname="ios.Launch_RideNow_ScheduleLater" name="testOnHomeScreenRideNow_ScheduleLaterBtn" time="21.138"/>
  <system-out/>
  <testcase classname="ios.Launch_RideNow_ScheduleLater" name="testOnHomeScreen_RideNow_IND_WhereToPage" time="91.486"/>
  <system-out/>
  <testcase classname="ios.Launch_RideNow_ScheduleLater" name="testOnChauffeurNotes" time="53.493"/>
  <system-out/>
  <testcase classname="ios.Launch_RideNow_ScheduleLater" name="testOncarselectionPage" time="20.878"/>
  <system-out/>
  <testcase classname="ios.Launch_RideNow_ScheduleLater" name="testOnLetsGoPage" time="5.620"/>
  <system-out/>
  <testcase classname="ios.Launch_RideNow_ScheduleLater" name="testOnOtpPage" time="27.617"/>
  <system-out/>
  <testcase classname="ios.Launch_RideNow_ScheduleLater" name="testOnpaymentPageforapplePay" time="63.109"/>
  <system-out/>
</testsuite> <!-- ios.Launch_RideNow_ScheduleLater -->
