<?xml version="1.0" encoding="UTF-8"?>
<!-- Generated by org.testng.reporters.JUnitReportReporter -->
<testsuite hostname="BGMacs-iMac.local" failures="0" tests="11" name="ios.Launch_Hourly_ScheduleLater" time="421.054" errors="0" timestamp="2025-05-30T10:49:45 IST" skipped="0">
  <testcase classname="ios.Launch_Hourly_ScheduleLater" name="testOnHomeScreenHourly_DIA_PickupFromPage" time="57.563"/>
  <system-out/>
  <testcase classname="ios.Launch_Hourly_ScheduleLater" name="testOnpaymentPageforapplePay" time="62.974"/>
  <system-out/>
  <testcase classname="ios.Launch_Hourly_ScheduleLater" name="testOnHomeScreenHourly_ScheduleLaterBtn" time="31.553"/>
  <system-out/>
  <testcase classname="ios.Launch_Hourly_ScheduleLater" name="testOnLetsGoPage" time="6.038"/>
  <system-out/>
  <testcase classname="ios.Launch_Hourly_ScheduleLater" name="testOnHomeScreenHourly_DIA_PickupTerminal1" time="31.759"/>
  <system-out/>
  <testcase classname="ios.Launch_Hourly_ScheduleLater" name="testOnOtpPage" time="27.665"/>
  <system-out/>
  <testcase classname="ios.Launch_Hourly_ScheduleLater" name="testOnLanguagePage" time="11.148"/>
  <system-out/>
  <testcase classname="ios.Launch_Hourly_ScheduleLater" name="testOnphourlySelectionPage" time="51.306"/>
  <system-out/>
  <testcase classname="ios.Launch_Hourly_ScheduleLater" name="testOncAPUPage" time="88.868"/>
  <system-out/>
  <testcase classname="ios.Launch_Hourly_ScheduleLater" name="testOncarselectionPage" time="25.724"/>
  <system-out/>
  <testcase classname="ios.Launch_Hourly_ScheduleLater" name="testOnLetsgetStartedexistAccntPage" time="26.456"/>
  <system-out/>
</testsuite> <!-- ios.Launch_Hourly_ScheduleLater -->
