<?xml version="1.0" encoding="UTF-8"?>
<!-- Generated by org.testng.reporters.JUnitReportReporter -->
<testsuite hostname="BGMacs-iMac.local" failures="0" tests="6" name="Spanish_Lang.Launch_Login_Registration" time="102.379" errors="0" timestamp="2025-06-05T17:48:25 IST" skipped="0">
  <testcase classname="Spanish_Lang.Launch_Login_Registration" name="testOnOtpPage" time="27.741"/>
  <system-out/>
  <testcase classname="Spanish_Lang.Launch_Login_Registration" name="testOnLetsgetStartedPage" time="30.321"/>
  <system-out/>
  <testcase classname="Spanish_Lang.Launch_Login_Registration" name="testOnAddressyouPage" time="19.137"/>
  <system-out/>
  <testcase classname="Spanish_Lang.Launch_Login_Registration" name="testOnLanguagePage" time="11.018"/>
  <system-out/>
  <testcase classname="Spanish_Lang.Launch_Login_Registration" name="testOnLetsGoPage" time="5.629"/>
  <system-out/>
  <testcase classname="Spanish_Lang.Launch_Login_Registration" name="testOnhowAddressyouPage" time="8.533"/>
  <system-out/>
</testsuite> <!-- Spanish_Lang.Launch_Login_Registration -->
