<?xml version="1.0" encoding="UTF-8"?>
<!-- Generated by org.testng.reporters.JUnitReportReporter -->
<testsuite hostname="BGMacs-iMac.local" failures="0" tests="17" name="Arabic_Lang.Launch_Hourly_ScheduleLater_StartTripEarly" time="895.806" errors="0" timestamp="2025-06-25T17:59:59 IST" skipped="0">
  <testcase classname="Arabic_Lang.Launch_Hourly_ScheduleLater_StartTripEarly" name="testOnLetsGoPage" time="6.029"/>
  <system-out/>
  <testcase classname="Arabic_Lang.Launch_Hourly_ScheduleLater_StartTripEarly" name="testOnFeedBackPage" time="21.066"/>
  <system-out/>
  <testcase classname="Arabic_Lang.Launch_Hourly_ScheduleLater_StartTripEarly" name="testOnLanguagePage" time="11.034"/>
  <system-out/>
  <testcase classname="Arabic_Lang.Launch_Hourly_ScheduleLater_StartTripEarly" name="testOnStarttriEarlyBtn" time="36.525"/>
  <system-out/>
  <testcase classname="Arabic_Lang.Launch_Hourly_ScheduleLater_StartTripEarly" name="testOnpaymentPageforapplePay" time="62.370"/>
  <system-out/>
  <testcase classname="Arabic_Lang.Launch_Hourly_ScheduleLater_StartTripEarly" name="testOnHomeScreenHourly_DIA_PickupTerminal2" time="36.765"/>
  <system-out/>
  <testcase classname="Arabic_Lang.Launch_Hourly_ScheduleLater_StartTripEarly" name="testOnpickuppopUpBar" time="41.133"/>
  <system-out/>
  <testcase classname="Arabic_Lang.Launch_Hourly_ScheduleLater_StartTripEarly" name="testOncarselectionPage1" time="20.603"/>
  <system-out/>
  <testcase classname="Arabic_Lang.Launch_Hourly_ScheduleLater_StartTripEarly" name="testOnOtpPage" time="27.784"/>
  <system-out/>
  <testcase classname="Arabic_Lang.Launch_Hourly_ScheduleLater_StartTripEarly" name="testOnHomeScreenHourly_DIA_PickupFromPage" time="56.074"/>
  <system-out/>
  <testcase classname="Arabic_Lang.Launch_Hourly_ScheduleLater_StartTripEarly" name="testOncAPUPage" time="85.971"/>
  <system-out/>
  <testcase classname="Arabic_Lang.Launch_Hourly_ScheduleLater_StartTripEarly" name="testOnpickUpPage" time="120.663"/>
  <system-out/>
  <testcase classname="Arabic_Lang.Launch_Hourly_ScheduleLater_StartTripEarly" name="testOnLetsgetStartedPage" time="32.604"/>
  <system-out/>
  <testcase classname="Arabic_Lang.Launch_Hourly_ScheduleLater_StartTripEarly" name="testOnWhereToPage" time="243.949"/>
  <system-out/>
  <testcase classname="Arabic_Lang.Launch_Hourly_ScheduleLater_StartTripEarly" name="testOnHomeScreenHourly_ScheduleLaterBtn" time="31.553"/>
  <system-out/>
  <testcase classname="Arabic_Lang.Launch_Hourly_ScheduleLater_StartTripEarly" name="testOnQuickFeedBackPage" time="10.536"/>
  <system-out/>
  <testcase classname="Arabic_Lang.Launch_Hourly_ScheduleLater_StartTripEarly" name="testOnphourlySelectionPage" time="51.147"/>
  <system-out/>
</testsuite> <!-- Arabic_Lang.Launch_Hourly_ScheduleLater_StartTripEarly -->
