<?xml version="1.0" encoding="UTF-8"?>
<!-- Generated by org.testng.reporters.JUnitReportReporter -->
<testsuite hostname="BGMacs-iMac.local" failures="0" tests="11" name="French_Lang.Launch_Hourly_ScheduleLater" time="359.537" errors="0" timestamp="2025-05-30T15:59:47 IST" skipped="0">
  <testcase classname="French_Lang.Launch_Hourly_ScheduleLater" name="testOnHomeScreenHourly_DM_Pickup_Du_LglParking" time="31.846"/>
  <system-out/>
  <testcase classname="French_Lang.Launch_Hourly_ScheduleLater" name="testOnHomeScreenHourly_ScheduleLaterBtn" time="31.561"/>
  <system-out/>
  <testcase classname="French_Lang.Launch_Hourly_ScheduleLater" name="testOnOtpPage" time="27.618"/>
  <system-out/>
  <testcase classname="French_Lang.Launch_Hourly_ScheduleLater" name="testOnphourlySelectionPage" time="51.371"/>
  <system-out/>
  <testcase classname="French_Lang.Launch_Hourly_ScheduleLater" name="testOnLanguagePage" time="11.132"/>
  <system-out/>
  <testcase classname="French_Lang.Launch_Hourly_ScheduleLater" name="testOnChauffeurNotes" time="51.032"/>
  <system-out/>
  <testcase classname="French_Lang.Launch_Hourly_ScheduleLater" name="testOnHomeScreenHourly_DM_PickupFromPage" time="34.312"/>
  <system-out/>
  <testcase classname="French_Lang.Launch_Hourly_ScheduleLater" name="testOncarselectionPage" time="25.747"/>
  <system-out/>
  <testcase classname="French_Lang.Launch_Hourly_ScheduleLater" name="testOnLetsgetStartedexistAccntPage" time="26.331"/>
  <system-out/>
  <testcase classname="French_Lang.Launch_Hourly_ScheduleLater" name="testOnpaymentPageforapplePay" time="62.766"/>
  <system-out/>
  <testcase classname="French_Lang.Launch_Hourly_ScheduleLater" name="testOnLetsGoPage" time="5.821"/>
  <system-out/>
</testsuite> <!-- French_Lang.Launch_Hourly_ScheduleLater -->
