<?xml version="1.0" encoding="UTF-8"?>
<!-- Generated by org.testng.reporters.JUnitReportReporter -->
<testsuite hostname="BGMacs-iMac.local" failures="0" tests="3" name="ios.Launch_Login" time="51.935" errors="0" timestamp="2025-04-30T14:34:04 IST" skipped="0">
  <testcase classname="ios.Launch_Login" name="testOnLetsgetStartedexistAccntPage" time="30.457"/>
  <system-out/>
  <testcase classname="ios.Launch_Login" name="testOnOtpPage" time="15.678"/>
  <system-out/>
  <testcase classname="ios.Launch_Login" name="testOnLetsGoPage" time="5.800"/>
  <system-out/>
</testsuite> <!-- ios.Launch_Login -->
