<?xml version="1.0" encoding="UTF-8"?>
<!-- Generated by org.testng.reporters.JUnitReportReporter -->
<testsuite hostname="BGMacs-iMac.local" failures="0" tests="6" name="Spanish_Lang.Launch_SideBar" time="152.591" errors="0" timestamp="2025-06-09T16:04:56 IST" skipped="0">
  <testcase classname="Spanish_Lang.Launch_SideBar" name="testOnLetsgetStartedexistAccntPage" time="26.320"/>
  <system-out/>
  <testcase classname="Spanish_Lang.Launch_SideBar" name="testOnSideBarBtn" time="16.131"/>
  <system-out/>
  <testcase classname="Spanish_Lang.Launch_SideBar" name="testOnHekpCenterArwBtn" time="65.858"/>
  <system-out/>
  <testcase classname="Spanish_Lang.Launch_SideBar" name="testOnLanguagePage" time="11.012"/>
  <system-out/>
  <testcase classname="Spanish_Lang.Launch_SideBar" name="testOnLetsGoPage" time="5.616"/>
  <system-out/>
  <testcase classname="Spanish_Lang.Launch_SideBar" name="testOnOtpPage" time="27.654"/>
  <system-out/>
</testsuite> <!-- Spanish_Lang.Launch_SideBar -->
