<?xml version="1.0" encoding="UTF-8"?>
<!-- Generated by org.testng.reporters.JUnitReportReporter -->
<testsuite hostname="BGMacs-iMac.local" failures="0" tests="16" name="ios.Launch_Hourly_ScheduleLater_StatrTripEarly" time="740.064" errors="0" timestamp="2025-05-13T11:27:19 IST" skipped="0">
  <testcase classname="ios.Launch_Hourly_ScheduleLater_StatrTripEarly" name="testOnHomeScreenHourly_ScheduleLaterBtn" time="31.641"/>
  <system-out/>
  <testcase classname="ios.Launch_Hourly_ScheduleLater_StatrTripEarly" name="testOnpickuppopUpBar" time="31.082"/>
  <system-out/>
  <testcase classname="ios.Launch_Hourly_ScheduleLater_StatrTripEarly" name="testOncAPUPage" time="88.982"/>
  <system-out/>
  <testcase classname="ios.Launch_Hourly_ScheduleLater_StatrTripEarly" name="testOnpaymentPageforapplePay" time="42.704"/>
  <system-out/>
  <testcase classname="ios.Launch_Hourly_ScheduleLater_StatrTripEarly" name="testOnphourlySelectionPage" time="51.274"/>
  <system-out/>
  <testcase classname="ios.Launch_Hourly_ScheduleLater_StatrTripEarly" name="testOncarselectionPage1" time="10.759"/>
  <system-out/>
  <testcase classname="ios.Launch_Hourly_ScheduleLater_StatrTripEarly" name="testOnLetsGoPage" time="5.628"/>
  <system-out/>
  <testcase classname="ios.Launch_Hourly_ScheduleLater_StatrTripEarly" name="testOnpickUpPage" time="20.733"/>
  <system-out/>
  <testcase classname="ios.Launch_Hourly_ScheduleLater_StatrTripEarly" name="testOnHomeScreenHourly_DIA_PickupFromPage" time="57.107"/>
  <system-out/>
  <testcase classname="ios.Launch_Hourly_ScheduleLater_StatrTripEarly" name="testOnHomeScreenHourly_DIA_PickupTerminal2" time="31.794"/>
  <system-out/>
  <testcase classname="ios.Launch_Hourly_ScheduleLater_StatrTripEarly" name="testOnOtpPage" time="27.621"/>
  <system-out/>
  <testcase classname="ios.Launch_Hourly_ScheduleLater_StatrTripEarly" name="testOnFeedBackPage" time="21.163"/>
  <system-out/>
  <testcase classname="ios.Launch_Hourly_ScheduleLater_StatrTripEarly" name="testOnStarttriEarlyBtn" time="37.113"/>
  <system-out/>
  <testcase classname="ios.Launch_Hourly_ScheduleLater_StatrTripEarly" name="testOnQuickFeedBackPage" time="10.539"/>
  <system-out/>
  <testcase classname="ios.Launch_Hourly_ScheduleLater_StatrTripEarly" name="testOnLetsgetStartedexistAccntPage" time="30.462"/>
  <system-out/>
  <testcase classname="ios.Launch_Hourly_ScheduleLater_StatrTripEarly" name="testOnWhereToPage" time="241.462"/>
  <system-out/>
</testsuite> <!-- ios.Launch_Hourly_ScheduleLater_StatrTripEarly -->
