<?xml version="1.0" encoding="UTF-8"?>
<!-- Generated by org.testng.reporters.JUnitReportReporter -->
<testsuite hostname="BGMacs-iMac.local" failures="0" tests="5" name="ios.RG_rideNow" time="2119.653" errors="0" timestamp="2025-07-02T13:46:30 IST" skipped="0">
  <testcase classname="ios.RG_rideNow" name="launchdiazabRideNowaddOnFlow" time="598.244"/>
  <system-out/>
  <testcase classname="ios.RG_rideNow" name="launchdiaStarTripEarlyCompleteFlow" time="583.206"/>
  <system-out/>
  <testcase classname="ios.RG_rideNow" name="launchadRideNowSchedulater" time="323.167"/>
  <system-out/>
  <testcase classname="ios.RG_rideNow" name="launchdmRideNowchauffeurcancelFlow" time="288.909"/>
  <system-out/>
  <testcase classname="ios.RG_rideNow" name="launchdiazabRideNowSchedulater" time="326.127"/>
  <system-out/>
</testsuite> <!-- ios.RG_rideNow -->
