<?xml version="1.0" encoding="UTF-8"?>
<!-- Generated by org.testng.reporters.JUnitReportReporter -->
<testsuite hostname="BGMacs-iMac.local" failures="0" tests="9" name="French_Lang.Launch_RideNow_ScheduleLater" time="321.454" errors="0" timestamp="2025-06-04T12:01:27 IST" skipped="0">
  <testcase classname="French_Lang.Launch_RideNow_ScheduleLater" name="testOnHomeScreen_RideNow_IND_WhereToPage" time="90.356"/>
  <system-out/>
  <testcase classname="French_Lang.Launch_RideNow_ScheduleLater" name="testOnpaymentPageforcard" time="63.006"/>
  <system-out/>
  <testcase classname="French_Lang.Launch_RideNow_ScheduleLater" name="testOnOtpPage" time="27.648"/>
  <system-out/>
  <testcase classname="French_Lang.Launch_RideNow_ScheduleLater" name="testOnHomeScreenRideNow_ScheduleLaterBtn" time="21.024"/>
  <system-out/>
  <testcase classname="French_Lang.Launch_RideNow_ScheduleLater" name="testOnLanguagePage" time="11.024"/>
  <system-out/>
  <testcase classname="French_Lang.Launch_RideNow_ScheduleLater" name="testOnLetsgetStartedexistAccntPage" time="26.300"/>
  <system-out/>
  <testcase classname="French_Lang.Launch_RideNow_ScheduleLater" name="testOnChauffeurNotes" time="50.703"/>
  <system-out/>
  <testcase classname="French_Lang.Launch_RideNow_ScheduleLater" name="testOncarselectionPage" time="25.759"/>
  <system-out/>
  <testcase classname="French_Lang.Launch_RideNow_ScheduleLater" name="testOnLetsGoPage" time="5.634"/>
  <system-out/>
</testsuite> <!-- French_Lang.Launch_RideNow_ScheduleLater -->
