<?xml version="1.0" encoding="UTF-8"?>
<!-- Generated by org.testng.reporters.JUnitReportReporter -->
<testsuite hostname="BGMacs-iMac.local" failures="0" tests="9" name="ios.Launch_RideNow_ChauffeurCancelsTrip" time="345.781" errors="0" timestamp="2025-06-30T18:04:20 IST" skipped="0">
  <testcase classname="ios.Launch_RideNow_ChauffeurCancelsTrip" name="testOnLetsgetStartedexistAccntPage" time="30.365"/>
  <system-out/>
  <testcase classname="ios.Launch_RideNow_ChauffeurCancelsTrip" name="testOnHomeScreen_RideNow" time="10.538"/>
  <system-out/>
  <testcase classname="ios.Launch_RideNow_ChauffeurCancelsTrip" name="testOnHomeScreen_RideNow_DM_WhereToPage" time="75.344"/>
  <system-out/>
  <testcase classname="ios.Launch_RideNow_ChauffeurCancelsTrip" name="testOncarselectionPage" time="20.663"/>
  <system-out/>
  <testcase classname="ios.Launch_RideNow_ChauffeurCancelsTrip" name="testOnOtpPage" time="27.598"/>
  <system-out/>
  <testcase classname="ios.Launch_RideNow_ChauffeurCancelsTrip" name="testOnHomeScreenHourly_DM_Pickup_ZabeelParking" time="31.684"/>
  <system-out/>
  <testcase classname="ios.Launch_RideNow_ChauffeurCancelsTrip" name="testOnChauffeurNotes" time="50.748"/>
  <system-out/>
  <testcase classname="ios.Launch_RideNow_ChauffeurCancelsTrip" name="testOnpaymentPageforcard" time="93.123"/>
  <system-out/>
  <testcase classname="ios.Launch_RideNow_ChauffeurCancelsTrip" name="testOnLetsGoPage" time="5.718"/>
  <system-out/>
</testsuite> <!-- ios.Launch_RideNow_ChauffeurCancelsTrip -->
