<?xml version="1.0" encoding="UTF-8"?>
<!-- Generated by org.testng.reporters.JUnitReportReporter -->
<testsuite hostname="BGMacs-iMac.local" failures="0" tests="9" name="Spanish_Lang.Launch_RideNow_ScheduleLater" time="344.703" errors="0" timestamp="2025-06-20T11:42:52 IST" skipped="0">
  <testcase classname="Spanish_Lang.Launch_RideNow_ScheduleLater" name="testOnOtpPage" time="27.611"/>
  <system-out/>
  <testcase classname="Spanish_Lang.Launch_RideNow_ScheduleLater" name="testOnChauffeurNotes" time="53.705"/>
  <system-out/>
  <testcase classname="Spanish_Lang.Launch_RideNow_ScheduleLater" name="testOncarselectionPage" time="25.767"/>
  <system-out/>
  <testcase classname="Spanish_Lang.Launch_RideNow_ScheduleLater" name="testOnHomeScreen_RideNow_AD_WhereToPage" time="106.220"/>
  <system-out/>
  <testcase classname="Spanish_Lang.Launch_RideNow_ScheduleLater" name="testOnLetsgetStartedPage" time="30.366"/>
  <system-out/>
  <testcase classname="Spanish_Lang.Launch_RideNow_ScheduleLater" name="testOnpaymentPageforcash" time="63.367"/>
  <system-out/>
  <testcase classname="Spanish_Lang.Launch_RideNow_ScheduleLater" name="testOnLanguagePage" time="11.022"/>
  <system-out/>
  <testcase classname="Spanish_Lang.Launch_RideNow_ScheduleLater" name="testOnHomeScreenRideNow_ScheduleLaterBtn" time="21.033"/>
  <system-out/>
  <testcase classname="Spanish_Lang.Launch_RideNow_ScheduleLater" name="testOnLetsGoPage" time="5.612"/>
  <system-out/>
</testsuite> <!-- Spanish_Lang.Launch_RideNow_ScheduleLater -->
