<?xml version="1.0" encoding="UTF-8"?>
<!-- Generated by org.testng.reporters.JUnitReportReporter -->
<testsuite hostname="BGMacs-iMac.local" failures="0" tests="1" name="mowneswar.Uitcatlog" time="4.607" errors="0" timestamp="2024-11-20T14:17:27 IST" skipped="0">
  <testcase classname="mowneswar.Uitcatlog" name="testLaunchApp" time="4.607"/>
  <system-out/>
</testsuite> <!-- mowneswar.Uitcatlog -->
