<?xml version="1.0" encoding="UTF-8"?>
<!-- Generated by org.testng.reporters.JUnitReportReporter -->
<testsuite hostname="BGMacs-iMac.local" failures="0" tests="13" name="ios.Launch_RideNow_AddOnStop_CompleteRide" time="642.940" errors="0" timestamp="2025-07-01T18:11:01 IST" skipped="0">
  <testcase classname="ios.Launch_RideNow_AddOnStop_CompleteRide" name="testOnQuickFeedBackPage" time="10.519"/>
  <system-out/>
  <testcase classname="ios.Launch_RideNow_AddOnStop_CompleteRide" name="testOnLetsGoPage" time="5.613"/>
  <system-out/>
  <testcase classname="ios.Launch_RideNow_AddOnStop_CompleteRide" name="testOnOtpPage" time="27.564"/>
  <system-out/>
  <testcase classname="ios.Launch_RideNow_AddOnStop_CompleteRide" name="testOnFeedBackPage" time="21.067"/>
  <system-out/>
  <testcase classname="ios.Launch_RideNow_AddOnStop_CompleteRide" name="testOnChauffeurNotes" time="50.745"/>
  <system-out/>
  <testcase classname="ios.Launch_RideNow_AddOnStop_CompleteRide" name="testOnHomeScreenHourly_DM_Pickup_ZabeelParking" time="31.642"/>
  <system-out/>
  <testcase classname="ios.Launch_RideNow_AddOnStop_CompleteRide" name="testOnHomeScreen_RideNow" time="10.650"/>
  <system-out/>
  <testcase classname="ios.Launch_RideNow_AddOnStop_CompleteRide" name="testOn_RideNow_AddOnStops" time="175.746"/>
  <system-out/>
  <testcase classname="ios.Launch_RideNow_AddOnStop_CompleteRide" name="testOnpaymentPageforcard" time="62.919"/>
  <system-out/>
  <testcase classname="ios.Launch_RideNow_AddOnStop_CompleteRide" name="testOnHomeScreen_RideNow_DM_WhereToPage" time="74.932"/>
  <system-out/>
  <testcase classname="ios.Launch_RideNow_AddOnStop_CompleteRide" name="testOnpickUpPage" time="120.599"/>
  <system-out/>
  <testcase classname="ios.Launch_RideNow_AddOnStop_CompleteRide" name="testOnLetsgetStartedexistAccntPage" time="30.301"/>
  <system-out/>
  <testcase classname="ios.Launch_RideNow_AddOnStop_CompleteRide" name="testOncarselectionPage" time="20.643"/>
  <system-out/>
</testsuite> <!-- ios.Launch_RideNow_AddOnStop_CompleteRide -->
