<?xml version="1.0" encoding="UTF-8"?>
<!-- Generated by org.testng.reporters.JUnitReportReporter -->
<testsuite hostname="BGMacs-iMac.local" failures="0" tests="5" name="ios.Launch_sidebarmenu" time="136.311" errors="0" timestamp="2025-05-06T11:51:57 IST" skipped="0">
  <testcase classname="ios.Launch_sidebarmenu" name="testOnLetsGoPage" time="5.660"/>
  <system-out/>
  <testcase classname="ios.Launch_sidebarmenu" name="testOnSideBarBtn" time="17.135"/>
  <system-out/>
  <testcase classname="ios.Launch_sidebarmenu" name="testOnOtpPage" time="22.589"/>
  <system-out/>
  <testcase classname="ios.Launch_sidebarmenu" name="testOnLetsgetStartedexistAccntPage" time="30.568"/>
  <system-out/>
  <testcase classname="ios.Launch_sidebarmenu" name="testOnHekpCenterArwBtn" time="60.359"/>
  <system-out/>
</testsuite> <!-- ios.Launch_sidebarmenu -->
