<?xml version="1.0" encoding="UTF-8"?>
<!-- Generated by org.testng.reporters.JUnitReportReporter -->
<testsuite hostname="BGMacs-iMac.local" failures="0" tests="10" name="ios.Launch_RideNow" time="445.261" errors="0" timestamp="2025-05-22T15:12:00 IST" skipped="0">
  <testcase classname="ios.Launch_RideNow" name="testOnOtpPage" time="27.599"/>
  <system-out/>
  <testcase classname="ios.Launch_RideNow" name="testOnLetsgetStartedexistAccntPage" time="30.480"/>
  <system-out/>
  <testcase classname="ios.Launch_RideNow" name="testOnHomeScreen_RideNow_IND_WhereToPage" time="91.541"/>
  <system-out/>
  <testcase classname="ios.Launch_RideNow" name="testOnLetsGoPage" time="5.621"/>
  <system-out/>
  <testcase classname="ios.Launch_RideNow" name="testOnpickUpPage" time="120.786"/>
  <system-out/>
  <testcase classname="ios.Launch_RideNow" name="testOnChauffeurNotes" time="53.542"/>
  <system-out/>
  <testcase classname="ios.Launch_RideNow" name="testOnpaymentPageforcard" time="63.320"/>
  <system-out/>
  <testcase classname="ios.Launch_RideNow" name="testOncarselectionPage" time="20.791"/>
  <system-out/>
  <testcase classname="ios.Launch_RideNow" name="testOnFeedBackPage" time="21.046"/>
  <system-out/>
  <testcase classname="ios.Launch_RideNow" name="testOnHomeScreen_RideNow" time="10.535"/>
  <system-out/>
</testsuite> <!-- ios.Launch_RideNow -->
