<?xml version="1.0" encoding="UTF-8"?>
<!-- Generated by org.testng.reporters.JUnitReportReporter -->
<testsuite hostname="BGMacs-iMac.local" failures="0" tests="15" name="Spanish_Lang.Launch_Hourly_CompleteTrip" time="802.004" errors="0" timestamp="2025-06-13T12:51:59 IST" skipped="0">
  <testcase classname="Spanish_Lang.Launch_Hourly_CompleteTrip" name="testOnLetsgetStartedPage" time="30.476"/>
  <system-out/>
  <testcase classname="Spanish_Lang.Launch_Hourly_CompleteTrip" name="testOnpaymentPageforcash" time="62.495"/>
  <system-out/>
  <testcase classname="Spanish_Lang.Launch_Hourly_CompleteTrip" name="testOncarselectionPage" time="25.604"/>
  <system-out/>
  <testcase classname="Spanish_Lang.Launch_Hourly_CompleteTrip" name="testOnLetsGoPage" time="5.693"/>
  <system-out/>
  <testcase classname="Spanish_Lang.Launch_Hourly_CompleteTrip" name="testOnLanguagePage" time="11.131"/>
  <system-out/>
  <testcase classname="Spanish_Lang.Launch_Hourly_CompleteTrip" name="testOnWhereToPage" time="239.835"/>
  <system-out/>
  <testcase classname="Spanish_Lang.Launch_Hourly_CompleteTrip" name="testOncAPUPage" time="86.279"/>
  <system-out/>
  <testcase classname="Spanish_Lang.Launch_Hourly_CompleteTrip" name="testOnHomeScreenHourly_DIA_PickupTerminal3" time="31.680"/>
  <system-out/>
  <testcase classname="Spanish_Lang.Launch_Hourly_CompleteTrip" name="testOnphourlySelectionPage" time="51.243"/>
  <system-out/>
  <testcase classname="Spanish_Lang.Launch_Hourly_CompleteTrip" name="testOnFeedBackPage" time="21.166"/>
  <system-out/>
  <testcase classname="Spanish_Lang.Launch_Hourly_CompleteTrip" name="testOnHomeScreenHourlyBtn" time="21.021"/>
  <system-out/>
  <testcase classname="Spanish_Lang.Launch_Hourly_CompleteTrip" name="testOnQuickFeedBackPage" time="10.546"/>
  <system-out/>
  <testcase classname="Spanish_Lang.Launch_Hourly_CompleteTrip" name="testOnOtpPage" time="27.722"/>
  <system-out/>
  <testcase classname="Spanish_Lang.Launch_Hourly_CompleteTrip" name="testOnHomeScreenHourly_DIA_PickupFromPage" time="56.484"/>
  <system-out/>
  <testcase classname="Spanish_Lang.Launch_Hourly_CompleteTrip" name="testOnpickUpPage" time="120.629"/>
  <system-out/>
</testsuite> <!-- Spanish_Lang.Launch_Hourly_CompleteTrip -->
