<?xml version="1.0" encoding="UTF-8"?>
<!-- Generated by org.testng.reporters.JUnitReportReporter -->
<testsuite hostname="BGMacs-iMac.local" failures="0" tests="13" name="English_Android_Customer.Launch_Hourly_ScheduleLater_DIA_T1_Cash" time="204.638" errors="0" timestamp="14 Jul 2025 07:31:44 GMT">
  <testcase classname="English_Android_Customer.Launch_Hourly_ScheduleLater_DIA_T1_Cash" name="testOnRideNow_DAP_APU_Page" time="29.130"/>
  <testcase classname="English_Android_Customer.Launch_Hourly_ScheduleLater_DIA_T1_Cash" name="testOnNotificAllow" time="10.141"/>
  <testcase classname="English_Android_Customer.Launch_Hourly_ScheduleLater_DIA_T1_Cash" name="testOnchooseyourcarPage" time="5.856"/>
  <testcase classname="English_Android_Customer.Launch_Hourly_ScheduleLater_DIA_T1_Cash" name="testScheduleLaterFlow" time="4.263"/>
  <testcase classname="English_Android_Customer.Launch_Hourly_ScheduleLater_DIA_T1_Cash" name="testOnHourlyselectDurationPage" time="11.990"/>
  <testcase classname="English_Android_Customer.Launch_Hourly_ScheduleLater_DIA_T1_Cash" name="testOnIntroPage" time="4.014"/>
  <testcase classname="English_Android_Customer.Launch_Hourly_ScheduleLater_DIA_T1_Cash" name="testOnHourlyscheduleLater" time="10.465"/>
  <testcase classname="English_Android_Customer.Launch_Hourly_ScheduleLater_DIA_T1_Cash" name="testOnHourlyDIAHomeScreen" time="25.293"/>
  <testcase classname="English_Android_Customer.Launch_Hourly_ScheduleLater_DIA_T1_Cash" name="testOnMapAllow" time="7.062"/>
  <testcase classname="English_Android_Customer.Launch_Hourly_ScheduleLater_DIA_T1_Cash" name="testOnRideNow_DAP_T1_Page" time="13.544"/>
  <testcase classname="English_Android_Customer.Launch_Hourly_ScheduleLater_DIA_T1_Cash" name="testOnyourRidePageCard" time="32.112"/>
  <testcase classname="English_Android_Customer.Launch_Hourly_ScheduleLater_DIA_T1_Cash" name="testOnLetsgetstartedPage" time="39.320"/>
  <testcase classname="English_Android_Customer.Launch_Hourly_ScheduleLater_DIA_T1_Cash" name="testOnOTPlogin_Simu" time="11.448"/>
</testsuite> <!-- English_Android_Customer.Launch_Hourly_ScheduleLater_DIA_T1_Cash -->
