<?xml version="1.0" encoding="UTF-8"?>
<!-- Generated by org.testng.reporters.JUnitReportReporter -->
<testsuite hostname="BGMacs-iMac.local" failures="0" tests="16" name="English_Android_Customer.Launch_Hourly_DIA_T1_Cash" time="445.886" errors="0" timestamp="15 Jul 2025 10:00:09 GMT">
  <testcase classname="English_Android_Customer.Launch_Hourly_DIA_T1_Cash" name="testOnRideNow_DAP_APU_Page" time="30.501"/>
  <testcase classname="English_Android_Customer.Launch_Hourly_DIA_T1_Cash" name="testOnHourlyDIAHomeScreen" time="26.649"/>
  <testcase classname="English_Android_Customer.Launch_Hourly_DIA_T1_Cash" name="testOnNotificAllowPopup" time="10.107"/>
  <testcase classname="English_Android_Customer.Launch_Hourly_DIA_T1_Cash" name="testOnHourlyselectDurationPage" time="11.652"/>
  <testcase classname="English_Android_Customer.Launch_Hourly_DIA_T1_Cash" name="testOnOTPlogin_Simu" time="11.499"/>
  <testcase classname="English_Android_Customer.Launch_Hourly_DIA_T1_Cash" name="testOnquicfeedbackScreen" time="18.447"/>
  <testcase classname="English_Android_Customer.Launch_Hourly_DIA_T1_Cash" name="testOnMapAllowPopup" time="7.628"/>
  <testcase classname="English_Android_Customer.Launch_Hourly_DIA_T1_Cash" name="testOnHourlyHomescreen" time="10.627"/>
  <testcase classname="English_Android_Customer.Launch_Hourly_DIA_T1_Cash" name="testOnRideNow_DAP_T1_Page" time="13.600"/>
  <testcase classname="English_Android_Customer.Launch_Hourly_DIA_T1_Cash" name="testOnyourRidePageCash" time="26.149"/>
  <testcase classname="English_Android_Customer.Launch_Hourly_DIA_T1_Cash" name="testOnpickupScreen" time="7.931"/>
  <testcase classname="English_Android_Customer.Launch_Hourly_DIA_T1_Cash" name="testOnIntroPage" time="4.455"/>
  <testcase classname="English_Android_Customer.Launch_Hourly_DIA_T1_Cash" name="testOnchooseyourcarPage" time="5.749"/>
  <testcase classname="English_Android_Customer.Launch_Hourly_DIA_T1_Cash" name="testLetsgetstartedPage" time="38.875"/>
  <testcase classname="English_Android_Customer.Launch_Hourly_DIA_T1_Cash" name="testOnexperiencefeedbackScreen" time="19.118"/>
  <testcase classname="English_Android_Customer.Launch_Hourly_DIA_T1_Cash" name="testOnHourlysManageYourPage" time="202.899"/>
</testsuite> <!-- English_Android_Customer.Launch_Hourly_DIA_T1_Cash -->
