<?xml version="1.0" encoding="UTF-8"?>
<!-- Generated by org.testng.reporters.JUnitReportReporter -->
<testsuite hostname="BGMacs-iMac.local" failures="0" tests="7" name="English_Android_Customer.Launch_schedulelater_rideNow_cash" time="74.452" errors="1" timestamp="8 Jul 2025 11:00:18 GMT">
  <testcase classname="English_Android_Customer.Launch_schedulelater_rideNow_cash" name="testOnscheduleLater" time="3.215"/>
  <testcase classname="English_Android_Customer.Launch_schedulelater_rideNow_cash" name="testOnIntroPage" time="4.005"/>
  <testcase classname="English_Android_Customer.Launch_schedulelater_rideNow_cash" name="testOnOTPlogin_Simu" time="11.742"/>
  <testcase classname="English_Android_Customer.Launch_schedulelater_rideNow_cash" name="testOnNotificAllow" time="10.671"/>
  <testcase classname="English_Android_Customer.Launch_schedulelater_rideNow_cash" name="testScheduleLaterFlow" time="0.034">
    <error message="The requested resource could not be found, or a request was received using an HTTP method that is not supported by the mapped resource
Build info: version: &#039;3.141.59&#039;, revision: &#039;e82be7d358&#039;, time: &#039;2018-11-14T08:17:03&#039;
System info: host: &#039;BGMacs-iMac.local&#039;, ip: &#039;192.168.1.5&#039;, os.name: &#039;Mac OS X&#039;, os.arch: &#039;x86_64&#039;, os.version: &#039;15.4.1&#039;, java.version: &#039;17.0.12&#039;
Driver info: io.appium.java_client.AppiumDriver
Capabilities {appActivity: com.moniic.customer.MainAct..., appPackage: com.moniic.customer.pp, automationName: UiAutomator2, databaseEnabled: false, desired: {appActivity: com.moniic.customer.MainAct..., appPackage: com.moniic.customer.pp, automationName: UiAutomator2, deviceName: emulator-5554, platformName: android, platformVersion: 15}, deviceApiLevel: 35, deviceManufacturer: Google, deviceModel: sdk_gphone64_x86_64, deviceName: emulator-5554, deviceScreenDensity: 480, deviceScreenSize: 1080x2340, deviceUDID: emulator-5554, javascriptEnabled: true, locationContextEnabled: false, networkConnectionEnabled: true, pixelRatio: 3, platform: LINUX, platformName: Android, platformVersion: 15, statBarHeight: 72, takesScreenshot: true, viewportRect: {height: 2268, left: 0, top: 72, width: 1080}, warnings: {}, webStorageEnabled: false}
Session ID: 6c2b5998-6178-4a41-83a5-cc592adb87f9" type="org.openqa.selenium.UnsupportedCommandException">
      <![CDATA[org.openqa.selenium.UnsupportedCommandException: The requested resource could not be found, or a request was received using an HTTP method that is not supported by the mapped resource
Build info: version: '3.141.59', revision: 'e82be7d358', time: '2018-11-14T08:17:03'
System info: host: 'BGMacs-iMac.local', ip: '192.168.1.5', os.name: 'Mac OS X', os.arch: 'x86_64', os.version: '15.4.1', java.version: '17.0.12'
Driver info: io.appium.java_client.AppiumDriver
Capabilities {appActivity: com.moniic.customer.MainAct..., appPackage: com.moniic.customer.pp, automationName: UiAutomator2, databaseEnabled: false, desired: {appActivity: com.moniic.customer.MainAct..., appPackage: com.moniic.customer.pp, automationName: UiAutomator2, deviceName: emulator-5554, platformName: android, platformVersion: 15}, deviceApiLevel: 35, deviceManufacturer: Google, deviceModel: sdk_gphone64_x86_64, deviceName: emulator-5554, deviceScreenDensity: 480, deviceScreenSize: 1080x2340, deviceUDID: emulator-5554, javascriptEnabled: true, locationContextEnabled: false, networkConnectionEnabled: true, pixelRatio: 3, platform: LINUX, platformName: Android, platformVersion: 15, statBarHeight: 72, takesScreenshot: true, viewportRect: {height: 2268, left: 0, top: 72, width: 1080}, warnings: {}, webStorageEnabled: false}
Session ID: 6c2b5998-6178-4a41-83a5-cc592adb87f9
	at java.base/jdk.internal.reflect.NativeConstructorAccessorImpl.newInstance0(Native Method)
	at java.base/jdk.internal.reflect.NativeConstructorAccessorImpl.newInstance(NativeConstructorAccessorImpl.java:77)
	at java.base/jdk.internal.reflect.DelegatingConstructorAccessorImpl.newInstance(DelegatingConstructorAccessorImpl.java:45)
	at java.base/java.lang.reflect.Constructor.newInstanceWithCaller(Constructor.java:499)
	at java.base/java.lang.reflect.Constructor.newInstance(Constructor.java:480)
	at org.openqa.selenium.remote.http.W3CHttpResponseCodec.createException(W3CHttpResponseCodec.java:187)
	at org.openqa.selenium.remote.http.W3CHttpResponseCodec.decode(W3CHttpResponseCodec.java:122)
	at org.openqa.selenium.remote.http.W3CHttpResponseCodec.decode(W3CHttpResponseCodec.java:49)
	at org.openqa.selenium.remote.HttpCommandExecutor.execute(HttpCommandExecutor.java:158)
	at io.appium.java_client.remote.AppiumCommandExecutor.execute(AppiumCommandExecutor.java:239)
	at org.openqa.selenium.remote.RemoteWebDriver.execute(RemoteWebDriver.java:552)
	at io.appium.java_client.DefaultGenericMobileDriver.execute(DefaultGenericMobileDriver.java:41)
	at io.appium.java_client.AppiumDriver.execute(AppiumDriver.java:1)
	at io.appium.java_client.PerformsTouchActions.performTouchAction(PerformsTouchActions.java:41)
	at io.appium.java_client.TouchAction.perform(TouchAction.java:187)
	at English_Android_Customer.CustomerApp_English_BaseClass.testOnScheduleRide(CustomerApp_English_BaseClass.java:603)
	at English_Android_Customer.Launch_schedulelater_rideNow_cash.testScheduleLaterFlow(Launch_schedulelater_rideNow_cash.java:50)
	at java.base/jdk.internal.reflect.NativeMethodAccessorImpl.invoke0(Native Method)
	at java.base/jdk.internal.reflect.NativeMethodAccessorImpl.invoke(NativeMethodAccessorImpl.java:77)
	at java.base/jdk.internal.reflect.DelegatingMethodAccessorImpl.invoke(DelegatingMethodAccessorImpl.java:43)
	at java.base/java.lang.reflect.Method.invoke(Method.java:568)
	at org.testng.internal.MethodInvocationHelper.invokeMethod(MethodInvocationHelper.java:86)
	at org.testng.internal.Invoker.invokeMethod(Invoker.java:643)
	at org.testng.internal.Invoker.invokeTestMethod(Invoker.java:820)
	at org.testng.internal.Invoker.invokeTestMethods(Invoker.java:1128)
	at org.testng.internal.TestMethodWorker.invokeTestMethods(TestMethodWorker.java:129)
	at org.testng.internal.TestMethodWorker.run(TestMethodWorker.java:112)
	at org.testng.TestRunner.privateRun(TestRunner.java:782)
	at org.testng.TestRunner.run(TestRunner.java:632)
	at org.testng.SuiteRunner.runTest(SuiteRunner.java:366)
	at org.testng.SuiteRunner.runSequentially(SuiteRunner.java:361)
	at org.testng.SuiteRunner.privateRun(SuiteRunner.java:319)
	at org.testng.SuiteRunner.run(SuiteRunner.java:268)
	at org.testng.SuiteRunnerWorker.runSuite(SuiteRunnerWorker.java:52)
	at org.testng.SuiteRunnerWorker.run(SuiteRunnerWorker.java:86)
	at org.testng.TestNG.runSuitesSequentially(TestNG.java:1244)
	at org.testng.TestNG.runSuitesLocally(TestNG.java:1169)
	at org.testng.TestNG.run(TestNG.java:1064)
	at org.testng.remote.AbstractRemoteTestNG.run(AbstractRemoteTestNG.java:115)
	at org.testng.remote.RemoteTestNG.initAndRun(RemoteTestNG.java:293)
	at org.testng.remote.RemoteTestNG.main(RemoteTestNG.java:91)
]]>
    </error>
  </testcase> <!-- testScheduleLaterFlow -->
  <testcase classname="English_Android_Customer.Launch_schedulelater_rideNow_cash" name="testOnMapAllow" time="7.954"/>
  <testcase classname="English_Android_Customer.Launch_schedulelater_rideNow_cash" name="testOnLetsgetstartedPage" time="36.831"/>
</testsuite> <!-- English_Android_Customer.Launch_schedulelater_rideNow_cash -->
