<?xml version="1.0" encoding="UTF-8"?>
<!-- Generated by org.testng.reporters.JUnitReportReporter -->
<testsuite hostname="BGMacs-iMac.local" failures="0" tests="1" name="English_Android_Customer.RideNow_RG_TestCases" time="193.593" errors="0" timestamp="10 Jul 2025 11:01:11 GMT">
  <testcase classname="English_Android_Customer.RideNow_RG_TestCases" name="Launch_RideNow_ScheduleLater_AbuDhabi_Card" time="193.593"/>
</testsuite> <!-- English_Android_Customer.RideNow_RG_TestCases -->
