<?xml version="1.0" encoding="UTF-8"?>
<!-- Generated by org.testng.reporters.JUnitReportReporter -->
<testsuite hostname="BGMacs-iMac.local" failures="0" tests="13" name="English_Android_Customer.Launch_Hourly_ScheduleLater_DM_Cinema_Cash" time="189.700" errors="0" timestamp="14 Jul 2025 08:48:59 GMT">
  <testcase classname="English_Android_Customer.Launch_Hourly_ScheduleLater_DM_Cinema_Cash" name="testOnchooseyourcarPage" time="8.438"/>
  <testcase classname="English_Android_Customer.Launch_Hourly_ScheduleLater_DM_Cinema_Cash" name="testOnNotificAllow" time="10.116"/>
  <testcase classname="English_Android_Customer.Launch_Hourly_ScheduleLater_DM_Cinema_Cash" name="testOnOTPlogin_Simu" time="11.465"/>
  <testcase classname="English_Android_Customer.Launch_Hourly_ScheduleLater_DM_Cinema_Cash" name="testOnLetsgetstartedPage" time="38.365"/>
  <testcase classname="English_Android_Customer.Launch_Hourly_ScheduleLater_DM_Cinema_Cash" name="testOnHourlyPickupPageDubaiMall" time="26.741"/>
  <testcase classname="English_Android_Customer.Launch_Hourly_ScheduleLater_DM_Cinema_Cash" name="testOnMapAllow" time="7.520"/>
  <testcase classname="English_Android_Customer.Launch_Hourly_ScheduleLater_DM_Cinema_Cash" name="testOnIntroPage" time="4.667"/>
  <testcase classname="English_Android_Customer.Launch_Hourly_ScheduleLater_DM_Cinema_Cash" name="testScheduleLaterFlow" time="3.184"/>
  <testcase classname="English_Android_Customer.Launch_Hourly_ScheduleLater_DM_Cinema_Cash" name="testOnDubaiMall_Cin_P3" time="9.521"/>
  <testcase classname="English_Android_Customer.Launch_Hourly_ScheduleLater_DM_Cinema_Cash" name="testOnyChauffeur_Notes" time="22.516"/>
  <testcase classname="English_Android_Customer.Launch_Hourly_ScheduleLater_DM_Cinema_Cash" name="testOnHourlyselectDurationPage" time="11.619"/>
  <testcase classname="English_Android_Customer.Launch_Hourly_ScheduleLater_DM_Cinema_Cash" name="testOnHourlyscheduleLater" time="10.486"/>
  <testcase classname="English_Android_Customer.Launch_Hourly_ScheduleLater_DM_Cinema_Cash" name="testOnyourRidePageCash" time="25.062"/>
</testsuite> <!-- English_Android_Customer.Launch_Hourly_ScheduleLater_DM_Cinema_Cash -->
