<?xml version="1.0" encoding="UTF-8"?>
<!-- Generated by org.testng.reporters.JUnitReportReporter -->
<testsuite hostname="BGMacs-iMac.local" failures="0" tests="11" name="English_Android_Customer.Launch_RideNow_ScheduleLater_DM_Cinema_Cash" time="163.958" errors="0" timestamp="9 Jul 2025 08:12:27 GMT">
  <testcase classname="English_Android_Customer.Launch_RideNow_ScheduleLater_DM_Cinema_Cash" name="testOnscheduleLater" time="3.228"/>
  <testcase classname="English_Android_Customer.Launch_RideNow_ScheduleLater_DM_Cinema_Cash" name="testOnyourRidePageCard" time="33.503"/>
  <testcase classname="English_Android_Customer.Launch_RideNow_ScheduleLater_DM_Cinema_Cash" name="testOnDubaiMall_Cin_P3" time="9.544"/>
  <testcase classname="English_Android_Customer.Launch_RideNow_ScheduleLater_DM_Cinema_Cash" name="testOnOTPlogin_Simu" time="11.658"/>
  <testcase classname="English_Android_Customer.Launch_RideNow_ScheduleLater_DM_Cinema_Cash" name="testOnchooseyourcarPage" time="8.918"/>
  <testcase classname="English_Android_Customer.Launch_RideNow_ScheduleLater_DM_Cinema_Cash" name="testOnLetsgetstartedPage" time="37.114"/>
  <testcase classname="English_Android_Customer.Launch_RideNow_ScheduleLater_DM_Cinema_Cash" name="testOnWheretoPage_DubaiMall" time="34.989"/>
  <testcase classname="English_Android_Customer.Launch_RideNow_ScheduleLater_DM_Cinema_Cash" name="testOnMapAllow" time="7.516"/>
  <testcase classname="English_Android_Customer.Launch_RideNow_ScheduleLater_DM_Cinema_Cash" name="testOnNotificAllow" time="10.146"/>
  <testcase classname="English_Android_Customer.Launch_RideNow_ScheduleLater_DM_Cinema_Cash" name="testOnIntroPage" time="4.144"/>
  <testcase classname="English_Android_Customer.Launch_RideNow_ScheduleLater_DM_Cinema_Cash" name="testScheduleLaterFlow" time="3.198"/>
</testsuite> <!-- English_Android_Customer.Launch_RideNow_ScheduleLater_DM_Cinema_Cash -->
