<?xml version="1.0" encoding="UTF-8"?>
<!-- Generated by org.testng.reporters.JUnitReportReporter -->
<testsuite hostname="BGMacs-iMac.local" failures="0" tests="15" name="English_Android_Customer.Launch_Hourly_DM_Zabeel_Card" time="360.509" errors="0" timestamp="14 Jul 2025 04:08:01 GMT">
  <testcase classname="English_Android_Customer.Launch_Hourly_DM_Zabeel_Card" name="testOnpickupScreen" time="9.266"/>
  <testcase classname="English_Android_Customer.Launch_Hourly_DM_Zabeel_Card" name="testOnHourlyselectDurationPage" time="11.749"/>
  <testcase classname="English_Android_Customer.Launch_Hourly_DM_Zabeel_Card" name="testOnyourRidePageCard" time="33.932"/>
  <testcase classname="English_Android_Customer.Launch_Hourly_DM_Zabeel_Card" name="testDubaiMall_zabeelParking" time="14.560"/>
  <testcase classname="English_Android_Customer.Launch_Hourly_DM_Zabeel_Card" name="testOnHourlyHomescreen" time="6.509"/>
  <testcase classname="English_Android_Customer.Launch_Hourly_DM_Zabeel_Card" name="testOnOTPlogin_Simu" time="12.266"/>
  <testcase classname="English_Android_Customer.Launch_Hourly_DM_Zabeel_Card" name="testOnMapAllowPopup" time="7.468"/>
  <testcase classname="English_Android_Customer.Launch_Hourly_DM_Zabeel_Card" name="testOnHourlysManageYourPage" time="163.501"/>
  <testcase classname="English_Android_Customer.Launch_Hourly_DM_Zabeel_Card" name="testOnIntroPage" time="4.390"/>
  <testcase classname="English_Android_Customer.Launch_Hourly_DM_Zabeel_Card" name="testOnNotificAllowPopup" time="10.102"/>
  <testcase classname="English_Android_Customer.Launch_Hourly_DM_Zabeel_Card" name="testOnchooseyourcarPage" time="5.339"/>
  <testcase classname="English_Android_Customer.Launch_Hourly_DM_Zabeel_Card" name="testOnexperiencefeedbackScreen" time="9.450"/>
  <testcase classname="English_Android_Customer.Launch_Hourly_DM_Zabeel_Card" name="testOnquicfeedbackScreen" time="6.205"/>
  <testcase classname="English_Android_Customer.Launch_Hourly_DM_Zabeel_Card" name="testOnHourlyPickupPageDubaiMall" time="26.731"/>
  <testcase classname="English_Android_Customer.Launch_Hourly_DM_Zabeel_Card" name="testLetsgetstartedPage" time="39.041"/>
</testsuite> <!-- English_Android_Customer.Launch_Hourly_DM_Zabeel_Card -->
