<?xml version="1.0" encoding="UTF-8"?>
<!-- Generated by org.testng.reporters.JUnitReportReporter -->
<testsuite hostname="BGMacs-iMac.local" failures="0" tests="19" name="English_Android_Customer.Launch_RideNow_ScheduleLater_StartTripEarly_DM_FA_Card" time="401.928" errors="0" timestamp="9 Jul 2025 11:46:55 GMT">
  <testcase classname="English_Android_Customer.Launch_RideNow_ScheduleLater_StartTripEarly_DM_FA_Card" name="testOnMapAllow" time="7.454"/>
  <testcase classname="English_Android_Customer.Launch_RideNow_ScheduleLater_StartTripEarly_DM_FA_Card" name="testScheduleLaterFlow" time="3.229"/>
  <testcase classname="English_Android_Customer.Launch_RideNow_ScheduleLater_StartTripEarly_DM_FA_Card" name="testOnPickupPopup" time="3.904"/>
  <testcase classname="English_Android_Customer.Launch_RideNow_ScheduleLater_StartTripEarly_DM_FA_Card" name="testOnOkschedulepage" time="30.217"/>
  <testcase classname="English_Android_Customer.Launch_RideNow_ScheduleLater_StartTripEarly_DM_FA_Card" name="testOnstartTripEarlycomplete" time="52.043"/>
  <testcase classname="English_Android_Customer.Launch_RideNow_ScheduleLater_StartTripEarly_DM_FA_Card" name="testMinimizeAndMaximize" time="8.747"/>
  <testcase classname="English_Android_Customer.Launch_RideNow_ScheduleLater_StartTripEarly_DM_FA_Card" name="testOnDubaiMall_FashionAveParking" time="9.554"/>
  <testcase classname="English_Android_Customer.Launch_RideNow_ScheduleLater_StartTripEarly_DM_FA_Card" name="testOnquicfeedbackScreen" time="109.820"/>
  <testcase classname="English_Android_Customer.Launch_RideNow_ScheduleLater_StartTripEarly_DM_FA_Card" name="testOnIntroPage" time="4.031"/>
  <testcase classname="English_Android_Customer.Launch_RideNow_ScheduleLater_StartTripEarly_DM_FA_Card" name="testOnyourRidePageCard" time="33.131"/>
  <testcase classname="English_Android_Customer.Launch_RideNow_ScheduleLater_StartTripEarly_DM_FA_Card" name="testOnWheretoPage_DubaiMall" time="36.613"/>
  <testcase classname="English_Android_Customer.Launch_RideNow_ScheduleLater_StartTripEarly_DM_FA_Card" name="testOnchooseyourcarPage" time="9.559"/>
  <testcase classname="English_Android_Customer.Launch_RideNow_ScheduleLater_StartTripEarly_DM_FA_Card" name="testOnOTPlogin_Simu" time="11.751"/>
  <testcase classname="English_Android_Customer.Launch_RideNow_ScheduleLater_StartTripEarly_DM_FA_Card" name="testOnscheduleLater" time="3.265"/>
  <testcase classname="English_Android_Customer.Launch_RideNow_ScheduleLater_StartTripEarly_DM_FA_Card" name="testOnNotificAllow" time="10.098"/>
  <testcase classname="English_Android_Customer.Launch_RideNow_ScheduleLater_StartTripEarly_DM_FA_Card" name="testOnLetsgetstartedPage" time="35.735"/>
  <testcase classname="English_Android_Customer.Launch_RideNow_ScheduleLater_StartTripEarly_DM_FA_Card" name="testOnpickupScreen" time="0.500"/>
  <testcase classname="English_Android_Customer.Launch_RideNow_ScheduleLater_StartTripEarly_DM_FA_Card" name="testOnyChauffeur_Notes" time="22.940"/>
  <testcase classname="English_Android_Customer.Launch_RideNow_ScheduleLater_StartTripEarly_DM_FA_Card" name="testOnexperiencefeedbackScreen" time="9.337"/>
</testsuite> <!-- English_Android_Customer.Launch_RideNow_ScheduleLater_StartTripEarly_DM_FA_Card -->
